# JRE version: OpenJDK Runtime Environment (11.0.12) (build 11.0.12-internal+0-adhoc.tester.openjdk)
# Java VM: OpenJDK 64-Bit Server VM (11.0.12-internal+0-adhoc.tester.openjdk, mixed mode, tiered, compressed oops, g1 gc, linux-amd64)
Heap:
 garbage-first heap   total 256000K, used 54257K [0x0000000706000000, 0x0000000800000000)
  region size 1024K, 36 young (36864K), 9 survivors (9216K)
 Metaspace       used 29488K, capacity 30572K, committed 30720K, reserved 1077248K
  class space    used 3082K, capacity 3481K, committed 3584K, reserved 1048576K
GC Heap History (8 events):
Event: 0.699 GC heap before
{Heap before GC invocations=0 (full 0):
 garbage-first heap   total 256000K, used 22528K [0x0000000706000000, 0x0000000800000000)
  region size 1024K, 23 young (23552K), 0 survivors (0K)
 Metaspace       used 12204K, capacity 12467K, committed 12672K, reserved 1060864K
  class space    used 1204K, capacity 1308K, committed 1408K, reserved 1048576K
}
Event: 0.706 GC heap after
{Heap after GC invocations=1 (full 0):
 garbage-first heap   total 256000K, used 4517K [0x0000000706000000, 0x0000000800000000)
  region size 1024K, 3 young (3072K), 3 survivors (3072K)
 Metaspace       used 12204K, capacity 12467K, committed 12672K, reserved 1060864K
  class space    used 1204K, capacity 1308K, committed 1408K, reserved 1048576K
}
Event: 5.920 GC heap before
{Heap before GC invocations=1 (full 0):
 garbage-first heap   total 256000K, used 23973K [0x0000000706000000, 0x0000000800000000)
  region size 1024K, 22 young (22528K), 3 survivors (3072K)
 Metaspace       used 14713K, capacity 15079K, committed 15232K, reserved 1062912K
  class space    used 1475K, capacity 1577K, committed 1664K, reserved 1048576K
}
Event: 5.931 GC heap after
{Heap after GC invocations=2 (full 0):
 garbage-first heap   total 256000K, used 5158K [0x0000000706000000, 0x0000000800000000)
  region size 1024K, 2 young (2048K), 2 survivors (2048K)
 Metaspace       used 14713K, capacity 15079K, committed 15232K, reserved 1062912K
  class space    used 1475K, capacity 1577K, committed 1664K, reserved 1048576K
}
Event: 355.457 GC heap before
{Heap before GC invocations=2 (full 0):
 garbage-first heap   total 256000K, used 53286K [0x0000000706000000, 0x0000000800000000)
  region size 1024K, 49 young (50176K), 2 survivors (2048K)
 Metaspace       used 19683K, capacity 20348K, committed 20480K, reserved 1067008K
  class space    used 1991K, capacity 2198K, committed 2304K, reserved 1048576K
}
Event: 355.467 GC heap after
{Heap after GC invocations=3 (full 0):
 garbage-first heap   total 256000K, used 6888K [0x0000000706000000, 0x0000000800000000)
  region size 1024K, 3 young (3072K), 3 survivors (3072K)
 Metaspace       used 19683K, capacity 20348K, committed 20480K, reserved 1067008K
  class space    used 1991K, capacity 2198K, committed 2304K, reserved 1048576K
}
Event: 705.052 GC heap before
{Heap before GC invocations=3 (full 0):
 garbage-first heap   total 256000K, used 91880K [0x0000000706000000, 0x0000000800000000)
  region size 1024K, 84 young (86016K), 3 survivors (3072K)
 Metaspace       used 20495K, capacity 21190K, committed 21248K, reserved 1069056K
  class space    used 2044K, capacity 2289K, committed 2304K, reserved 1048576K
}
Event: 705.059 GC heap after
{Heap after GC invocations=4 (full 0):
 garbage-first heap   total 256000K, used 15345K [0x0000000706000000, 0x0000000800000000)
  region size 1024K, 9 young (9216K), 9 survivors (9216K)
 Metaspace       used 20495K, capacity 21190K, committed 21248K, reserved 1069056K
  class space    used 2044K, capacity 2289K, committed 2304K, reserved 1048576K
}

