# JRE version: OpenJDK Runtime Environment (11.0.12) (build 11.0.12-internal+0-adhoc.tester.openjdk)
# Java VM: OpenJDK 64-Bit Server VM (11.0.12-internal+0-adhoc.tester.openjdk, mixed mode, tiered, compressed oops, g1 gc, linux-amd64)
Heap:
 garbage-first heap   total 126976K, used 46609K [0x0000000084200000, 0x0000000100000000)
  region size 1024K, 35 young (35840K), 7 survivors (7168K)
 Metaspace       used 29509K, capacity 30563K, committed 30716K, reserved 1077248K
  class space    used 3076K, capacity 3473K, committed 3580K, reserved 1048576K
GC Heap History (10 events):
Event: 0.662 GC heap before
{Heap before GC invocations=0 (full 0):
 garbage-first heap   total 126976K, used 14336K [0x0000000084200000, 0x0000000100000000)
  region size 1024K, 14 young (14336K), 0 survivors (0K)
 Metaspace       used 12069K, capacity 12313K, committed 12544K, reserved 1060864K
  class space    used 1193K, capacity 1274K, committed 1280K, reserved 1048576K
}
Event: 0.670 GC heap after
{Heap after GC invocations=1 (full 0):
 garbage-first heap   total 126976K, used 3943K [0x0000000084200000, 0x0000000100000000)
  region size 1024K, 2 young (2048K), 2 survivors (2048K)
 Metaspace       used 12069K, capacity 12313K, committed 12544K, reserved 1060864K
  class space    used 1193K, capacity 1274K, committed 1280K, reserved 1048576K
}
Event: 6.008 GC heap before
{Heap before GC invocations=1 (full 0):
 garbage-first heap   total 126976K, used 29543K [0x0000000084200000, 0x0000000100000000)
  region size 1024K, 28 young (28672K), 2 survivors (2048K)
 Metaspace       used 14642K, capacity 15021K, committed 15232K, reserved 1062912K
  class space    used 1465K, capacity 1575K, committed 1664K, reserved 1048576K
}
Event: 6.015 GC heap after
{Heap after GC invocations=2 (full 0):
 garbage-first heap   total 126976K, used 5721K [0x0000000084200000, 0x0000000100000000)
  region size 1024K, 4 young (4096K), 4 survivors (4096K)
 Metaspace       used 14642K, capacity 15021K, committed 15232K, reserved 1062912K
  class space    used 1465K, capacity 1575K, committed 1664K, reserved 1048576K
}
Event: 155.091 GC heap before
{Heap before GC invocations=2 (full 0):
 garbage-first heap   total 126976K, used 34393K [0x0000000084200000, 0x0000000100000000)
  region size 1024K, 33 young (33792K), 4 survivors (4096K)
 Metaspace       used 19455K, capacity 20083K, committed 20224K, reserved 1067008K
  class space    used 1980K, capacity 2194K, committed 2304K, reserved 1048576K
}
Event: 155.147 GC heap after
{Heap after GC invocations=3 (full 0):
 garbage-first heap   total 126976K, used 7524K [0x0000000084200000, 0x0000000100000000)
  region size 1024K, 4 young (4096K), 4 survivors (4096K)
 Metaspace       used 19455K, capacity 20083K, committed 20224K, reserved 1067008K
  class space    used 1980K, capacity 2194K, committed 2304K, reserved 1048576K
}
Event: 640.110 GC heap before
{Heap before GC invocations=3 (full 0):
 garbage-first heap   total 126976K, used 47460K [0x0000000084200000, 0x0000000100000000)
  region size 1024K, 43 young (44032K), 4 survivors (4096K)
 Metaspace       used 19697K, capacity 20358K, committed 20480K, reserved 1067008K
  class space    used 1981K, capacity 2194K, committed 2304K, reserved 1048576K
}
Event: 640.122 GC heap after
{Heap after GC invocations=4 (full 0):
 garbage-first heap   total 126976K, used 7719K [0x0000000084200000, 0x0000000100000000)
  region size 1024K, 2 young (2048K), 2 survivors (2048K)
 Metaspace       used 19697K, capacity 20358K, committed 20480K, reserved 1067008K
  class space    used 1981K, capacity 2194K, committed 2304K, reserved 1048576K
}
Event: 683.380 GC heap before
{Heap before GC invocations=4 (full 0):
 garbage-first heap   total 126976K, used 61991K [0x0000000084200000, 0x0000000100000000)
  region size 1024K, 54 young (55296K), 2 survivors (2048K)
 Metaspace       used 20536K, capacity 21190K, committed 21248K, reserved 1069056K
  class space    used 2051K, capacity 2286K, committed 2304K, reserved 1048576K
}
Event: 683.389 GC heap after
{Heap after GC invocations=5 (full 0):
 garbage-first heap   total 126976K, used 15889K [0x0000000084200000, 0x0000000100000000)
  region size 1024K, 7 young (7168K), 7 survivors (7168K)
 Metaspace       used 20536K, capacity 21190K, committed 21248K, reserved 1069056K
  class space    used 2051K, capacity 2286K, committed 2304K, reserved 1048576K
}

