# JRE version: OpenJDK Runtime Environment (11.0.10) (build 11.0.10-internal+0-adhoc.tester.openjdk)
# Java VM: OpenJDK 64-Bit Server VM (11.0.10-internal+0-adhoc.tester.openjdk, mixed mode, tiered, compressed oops, g1 gc, linux-amd64)
Heap:
 garbage-first heap   total 126976K, used 60354K [0x0000000084200000, 0x0000000100000000)
  region size 1024K, 36 young (36864K), 6 survivors (6144K)
 Metaspace       used 29586K, capacity 30636K, committed 30976K, reserved 1077248K
  class space    used 3080K, capacity 3475K, committed 3584K, reserved 1048576K
GC Heap History (12 events):
Event: 0.893 GC heap before
{Heap before GC invocations=0 (full 0):
 garbage-first heap   total 126976K, used 14336K [0x0000000084200000, 0x0000000100000000)
  region size 1024K, 14 young (14336K), 0 survivors (0K)
 Metaspace       used 12032K, capacity 12240K, committed 12288K, reserved 1060864K
  class space    used 1190K, capacity 1271K, committed 1280K, reserved 1048576K
}
Event: 0.902 GC heap after
{Heap after GC invocations=1 (full 0):
 garbage-first heap   total 126976K, used 3927K [0x0000000084200000, 0x0000000100000000)
  region size 1024K, 2 young (2048K), 2 survivors (2048K)
 Metaspace       used 12032K, capacity 12240K, committed 12288K, reserved 1060864K
  class space    used 1190K, capacity 1271K, committed 1280K, reserved 1048576K
}
Event: 1.015 GC heap before
{Heap before GC invocations=1 (full 0):
 garbage-first heap   total 126976K, used 16215K [0x0000000084200000, 0x0000000100000000)
  region size 1024K, 14 young (14336K), 2 survivors (2048K)
 Metaspace       used 12068K, capacity 12304K, committed 12544K, reserved 1060864K
  class space    used 1191K, capacity 1271K, committed 1280K, reserved 1048576K
}
Event: 1.020 GC heap after
{Heap after GC invocations=2 (full 0):
 garbage-first heap   total 126976K, used 5036K [0x0000000084200000, 0x0000000100000000)
  region size 1024K, 1 young (1024K), 1 survivors (1024K)
 Metaspace       used 12068K, capacity 12304K, committed 12544K, reserved 1060864K
  class space    used 1191K, capacity 1271K, committed 1280K, reserved 1048576K
}
Event: 56.318 GC heap before
{Heap before GC invocations=2 (full 0):
 garbage-first heap   total 126976K, used 32684K [0x0000000084200000, 0x0000000100000000)
  region size 1024K, 28 young (28672K), 1 survivors (1024K)
 Metaspace       used 18994K, capacity 19643K, committed 19968K, reserved 1067008K
  class space    used 1953K, capacity 2183K, committed 2304K, reserved 1048576K
}
Event: 56.369 GC heap after
{Heap after GC invocations=3 (full 0):
 garbage-first heap   total 126976K, used 9470K [0x0000000084200000, 0x0000000100000000)
  region size 1024K, 4 young (4096K), 4 survivors (4096K)
 Metaspace       used 18994K, capacity 19643K, committed 19968K, reserved 1067008K
  class space    used 1953K, capacity 2183K, committed 2304K, reserved 1048576K
}
Event: 261.315 GC heap before
{Heap before GC invocations=3 (full 0):
 garbage-first heap   total 126976K, used 35070K [0x0000000084200000, 0x0000000100000000)
  region size 1024K, 30 young (30720K), 4 survivors (4096K)
 Metaspace       used 19586K, capacity 20214K, committed 20480K, reserved 1067008K
  class space    used 1981K, capacity 2193K, committed 2304K, reserved 1048576K
}
Event: 261.321 GC heap after
{Heap after GC invocations=4 (full 0):
 garbage-first heap   total 126976K, used 10111K [0x0000000084200000, 0x0000000100000000)
  region size 1024K, 1 young (1024K), 1 survivors (1024K)
 Metaspace       used 19586K, capacity 20214K, committed 20480K, reserved 1067008K
  class space    used 1981K, capacity 2193K, committed 2304K, reserved 1048576K
}
Event: 712.305 GC heap before
{Heap before GC invocations=4 (full 0):
 garbage-first heap   total 126976K, used 54143K [0x0000000084200000, 0x0000000100000000)
  region size 1024K, 42 young (43008K), 1 survivors (1024K)
 Metaspace       used 19816K, capacity 20516K, committed 20736K, reserved 1067008K
  class space    used 1985K, capacity 2198K, committed 2304K, reserved 1048576K
}
Event: 712.309 GC heap after
{Heap after GC invocations=5 (full 0):
 garbage-first heap   total 126976K, used 13616K [0x0000000084200000, 0x0000000100000000)
  region size 1024K, 2 young (2048K), 2 survivors (2048K)
 Metaspace       used 19816K, capacity 20516K, committed 20736K, reserved 1067008K
  class space    used 1985K, capacity 2198K, committed 2304K, reserved 1048576K
}
Event: 718.134 GC heap before
{Heap before GC invocations=5 (full 0):
 garbage-first heap   total 126976K, used 65840K [0x0000000084200000, 0x0000000100000000)
  region size 1024K, 53 young (54272K), 2 survivors (2048K)
 Metaspace       used 20441K, capacity 21124K, committed 21248K, reserved 1069056K
  class space    used 2034K, capacity 2284K, committed 2304K, reserved 1048576K
}
Event: 718.141 GC heap after
{Heap after GC invocations=6 (full 0):
 garbage-first heap   total 126976K, used 18370K [0x0000000084200000, 0x0000000100000000)
  region size 1024K, 6 young (6144K), 6 survivors (6144K)
 Metaspace       used 20441K, capacity 21124K, committed 21248K, reserved 1069056K
  class space    used 2034K, capacity 2284K, committed 2304K, reserved 1048576K
}

