# JRE version: OpenJDK Runtime Environment (11.0.10) (build 11.0.10-internal+0-adhoc.tester.openjdk)
# Java VM: OpenJDK 64-Bit Server VM (11.0.10-internal+0-adhoc.tester.openjdk, mixed mode, tiered, compressed oops, g1 gc, linux-amd64)
Heap:
 garbage-first heap   total 126976K, used 50519K [0x0000000084200000, 0x0000000100000000)
  region size 1024K, 29 young (29696K), 1 survivors (1024K)
 Metaspace       used 29490K, capacity 30561K, committed 30716K, reserved 1077248K
  class space    used 3077K, capacity 3473K, committed 3580K, reserved 1048576K
GC Heap History (12 events):
Event: 0.665 GC heap before
{Heap before GC invocations=0 (full 0):
 garbage-first heap   total 126976K, used 14336K [0x0000000084200000, 0x0000000100000000)
  region size 1024K, 14 young (14336K), 0 survivors (0K)
 Metaspace       used 11991K, capacity 12237K, committed 12288K, reserved 1060864K
  class space    used 1190K, capacity 1270K, committed 1280K, reserved 1048576K
}
Event: 0.673 GC heap after
{Heap after GC invocations=1 (full 0):
 garbage-first heap   total 126976K, used 3843K [0x0000000084200000, 0x0000000100000000)
  region size 1024K, 2 young (2048K), 2 survivors (2048K)
 Metaspace       used 11991K, capacity 12237K, committed 12288K, reserved 1060864K
  class space    used 1190K, capacity 1270K, committed 1280K, reserved 1048576K
}
Event: 0.717 GC heap before
{Heap before GC invocations=1 (full 0):
 garbage-first heap   total 126976K, used 8963K [0x0000000084200000, 0x0000000100000000)
  region size 1024K, 7 young (7168K), 2 survivors (2048K)
 Metaspace       used 12027K, capacity 12301K, committed 12544K, reserved 1060864K
  class space    used 1190K, capacity 1270K, committed 1280K, reserved 1048576K
}
Event: 0.722 GC heap after
{Heap after GC invocations=2 (full 0):
 garbage-first heap   total 126976K, used 4650K [0x0000000084200000, 0x0000000100000000)
  region size 1024K, 1 young (1024K), 1 survivors (1024K)
 Metaspace       used 12027K, capacity 12301K, committed 12544K, reserved 1060864K
  class space    used 1190K, capacity 1270K, committed 1280K, reserved 1048576K
}
Event: 6.154 GC heap before
{Heap before GC invocations=2 (full 0):
 garbage-first heap   total 126976K, used 25130K [0x0000000084200000, 0x0000000100000000)
  region size 1024K, 22 young (22528K), 1 survivors (1024K)
 Metaspace       used 14731K, capacity 15090K, committed 15232K, reserved 1062912K
  class space    used 1479K, capacity 1577K, committed 1664K, reserved 1048576K
}
Event: 6.165 GC heap after
{Heap after GC invocations=3 (full 0):
 garbage-first heap   total 126976K, used 7900K [0x0000000084200000, 0x0000000100000000)
  region size 1024K, 3 young (3072K), 3 survivors (3072K)
 Metaspace       used 14731K, capacity 15090K, committed 15232K, reserved 1062912K
  class space    used 1479K, capacity 1577K, committed 1664K, reserved 1048576K
}
Event: 402.937 GC heap before
{Heap before GC invocations=3 (full 0):
 garbage-first heap   total 126976K, used 57052K [0x0000000084200000, 0x0000000100000000)
  region size 1024K, 52 young (53248K), 3 survivors (3072K)
 Metaspace       used 19606K, capacity 20277K, committed 20480K, reserved 1067008K
  class space    used 1979K, capacity 2190K, committed 2304K, reserved 1048576K
}
Event: 402.978 GC heap after
{Heap after GC invocations=4 (full 0):
 garbage-first heap   total 126976K, used 9643K [0x0000000084200000, 0x0000000100000000)
  region size 1024K, 5 young (5120K), 5 survivors (5120K)
 Metaspace       used 19606K, capacity 20277K, committed 20480K, reserved 1067008K
  class space    used 1979K, capacity 2190K, committed 2304K, reserved 1048576K
}
Event: 684.048 GC heap before
{Heap before GC invocations=4 (full 0):
 garbage-first heap   total 126976K, used 71083K [0x0000000084200000, 0x0000000100000000)
  region size 1024K, 63 young (64512K), 5 survivors (5120K)
 Metaspace       used 20085K, capacity 20807K, committed 20992K, reserved 1069056K
  class space    used 2015K, capacity 2244K, committed 2304K, reserved 1048576K
}
Event: 684.058 GC heap after
{Heap after GC invocations=5 (full 0):
 garbage-first heap   total 126976K, used 19088K [0x0000000084200000, 0x0000000100000000)
  region size 1024K, 8 young (8192K), 8 survivors (8192K)
 Metaspace       used 20085K, capacity 20807K, committed 20992K, reserved 1069056K
  class space    used 2015K, capacity 2244K, committed 2304K, reserved 1048576K
}
Event: 684.233 GC heap before
{Heap before GC invocations=5 (full 0):
 garbage-first heap   total 126976K, used 31376K [0x0000000084200000, 0x0000000100000000)
  region size 1024K, 21 young (21504K), 8 survivors (8192K)
 Metaspace       used 20528K, capacity 21174K, committed 21248K, reserved 1069056K
  class space    used 2049K, capacity 2281K, committed 2304K, reserved 1048576K
}
Event: 684.245 GC heap after
{Heap after GC invocations=6 (full 0):
 garbage-first heap   total 126976K, used 18775K [0x0000000084200000, 0x0000000100000000)
  region size 1024K, 1 young (1024K), 1 survivors (1024K)
 Metaspace       used 20528K, capacity 21174K, committed 21248K, reserved 1069056K
  class space    used 2049K, capacity 2281K, committed 2304K, reserved 1048576K
}

