# JRE version: OpenJDK Runtime Environment (11.0.10) (build 11.0.10-internal+0-adhoc.tester.openjdk)
# Java VM: OpenJDK 64-Bit Server VM (11.0.10-internal+0-adhoc.tester.openjdk, mixed mode, tiered, compressed oops, g1 gc, linux-amd64)
Heap:
 garbage-first heap   total 256000K, used 52713K [0x0000000706000000, 0x0000000800000000)
  region size 1024K, 36 young (36864K), 9 survivors (9216K)
 Metaspace       used 29403K, capacity 30500K, committed 30720K, reserved 1077248K
  class space    used 3081K, capacity 3481K, committed 3584K, reserved 1048576K
GC Heap History (8 events):
Event: 0.714 GC heap before
{Heap before GC invocations=0 (full 0):
 garbage-first heap   total 256000K, used 22528K [0x0000000706000000, 0x0000000800000000)
  region size 1024K, 22 young (22528K), 0 survivors (0K)
 Metaspace       used 12112K, capacity 12404K, committed 12672K, reserved 1060864K
  class space    used 1206K, capacity 1311K, committed 1408K, reserved 1048576K
}
Event: 0.722 GC heap after
{Heap after GC invocations=1 (full 0):
 garbage-first heap   total 256000K, used 4502K [0x0000000706000000, 0x0000000800000000)
  region size 1024K, 3 young (3072K), 3 survivors (3072K)
 Metaspace       used 12112K, capacity 12404K, committed 12672K, reserved 1060864K
  class space    used 1206K, capacity 1311K, committed 1408K, reserved 1048576K
}
Event: 6.086 GC heap before
{Heap before GC invocations=1 (full 0):
 garbage-first heap   total 256000K, used 23958K [0x0000000706000000, 0x0000000800000000)
  region size 1024K, 22 young (22528K), 3 survivors (3072K)
 Metaspace       used 14910K, capacity 15276K, committed 15488K, reserved 1062912K
  class space    used 1508K, capacity 1621K, committed 1664K, reserved 1048576K
}
Event: 6.090 GC heap after
{Heap after GC invocations=2 (full 0):
 garbage-first heap   total 256000K, used 4867K [0x0000000706000000, 0x0000000800000000)
  region size 1024K, 2 young (2048K), 2 survivors (2048K)
 Metaspace       used 14910K, capacity 15276K, committed 15488K, reserved 1062912K
  class space    used 1508K, capacity 1621K, committed 1664K, reserved 1048576K
}
Event: 474.467 GC heap before
{Heap before GC invocations=2 (full 0):
 garbage-first heap   total 256000K, used 62211K [0x0000000706000000, 0x0000000800000000)
  region size 1024K, 58 young (59392K), 2 survivors (2048K)
 Metaspace       used 19649K, capacity 20353K, committed 20480K, reserved 1067008K
  class space    used 1991K, capacity 2201K, committed 2304K, reserved 1048576K
}
Event: 474.487 GC heap after
{Heap after GC invocations=3 (full 0):
 garbage-first heap   total 256000K, used 6525K [0x0000000706000000, 0x0000000800000000)
  region size 1024K, 3 young (3072K), 3 survivors (3072K)
 Metaspace       used 19649K, capacity 20353K, committed 20480K, reserved 1067008K
  class space    used 1991K, capacity 2201K, committed 2304K, reserved 1048576K
}
Event: 702.765 GC heap before
{Heap before GC invocations=3 (full 0):
 garbage-first heap   total 256000K, used 86397K [0x0000000706000000, 0x0000000800000000)
  region size 1024K, 79 young (80896K), 3 survivors (3072K)
 Metaspace       used 20522K, capacity 21193K, committed 21248K, reserved 1069056K
  class space    used 2053K, capacity 2293K, committed 2304K, reserved 1048576K
}
Event: 702.789 GC heap after
{Heap after GC invocations=4 (full 0):
 garbage-first heap   total 256000K, used 14825K [0x0000000706000000, 0x0000000800000000)
  region size 1024K, 9 young (9216K), 9 survivors (9216K)
 Metaspace       used 20522K, capacity 21193K, committed 21248K, reserved 1069056K
  class space    used 2053K, capacity 2293K, committed 2304K, reserved 1048576K
}

