# JRE version: OpenJDK Runtime Environment (11.0.10) (build 11.0.10-internal+0-adhoc.tester.openjdk)
# Java VM: OpenJDK 64-Bit Server VM (11.0.10-internal+0-adhoc.tester.openjdk, mixed mode, tiered, compressed oops, g1 gc, linux-amd64)
Heap:
 garbage-first heap   total 126976K, used 58616K [0x0000000084200000, 0x0000000100000000)
  region size 1024K, 30 young (30720K), 1 survivors (1024K)
 Metaspace       used 29566K, capacity 30637K, committed 30976K, reserved 1077248K
  class space    used 3081K, capacity 3475K, committed 3584K, reserved 1048576K
GC Heap History (12 events):
Event: 0.874 GC heap before
{Heap before GC invocations=0 (full 0):
 garbage-first heap   total 126976K, used 14336K [0x0000000084200000, 0x0000000100000000)
  region size 1024K, 15 young (15360K), 0 survivors (0K)
 Metaspace       used 12040K, capacity 12241K, committed 12288K, reserved 1060864K
  class space    used 1191K, capacity 1271K, committed 1280K, reserved 1048576K
}
Event: 0.881 GC heap after
{Heap after GC invocations=1 (full 0):
 garbage-first heap   total 126976K, used 3796K [0x0000000084200000, 0x0000000100000000)
  region size 1024K, 2 young (2048K), 2 survivors (2048K)
 Metaspace       used 12040K, capacity 12241K, committed 12288K, reserved 1060864K
  class space    used 1191K, capacity 1271K, committed 1280K, reserved 1048576K
}
Event: 0.975 GC heap before
{Heap before GC invocations=1 (full 0):
 garbage-first heap   total 126976K, used 18132K [0x0000000084200000, 0x0000000100000000)
  region size 1024K, 16 young (16384K), 2 survivors (2048K)
 Metaspace       used 12092K, capacity 12401K, committed 12672K, reserved 1060864K
  class space    used 1193K, capacity 1303K, committed 1408K, reserved 1048576K
}
Event: 0.984 GC heap after
{Heap after GC invocations=2 (full 0):
 garbage-first heap   total 126976K, used 5144K [0x0000000084200000, 0x0000000100000000)
  region size 1024K, 2 young (2048K), 2 survivors (2048K)
 Metaspace       used 12092K, capacity 12401K, committed 12672K, reserved 1060864K
  class space    used 1193K, capacity 1303K, committed 1408K, reserved 1048576K
}
Event: 91.747 GC heap before
{Heap before GC invocations=2 (full 0):
 garbage-first heap   total 126976K, used 33816K [0x0000000084200000, 0x0000000100000000)
  region size 1024K, 31 young (31744K), 2 survivors (2048K)
 Metaspace       used 19088K, capacity 19772K, committed 19968K, reserved 1067008K
  class space    used 1953K, capacity 2183K, committed 2304K, reserved 1048576K
}
Event: 91.779 GC heap after
{Heap after GC invocations=3 (full 0):
 garbage-first heap   total 126976K, used 9302K [0x0000000084200000, 0x0000000100000000)
  region size 1024K, 4 young (4096K), 4 survivors (4096K)
 Metaspace       used 19088K, capacity 19772K, committed 19968K, reserved 1067008K
  class space    used 1953K, capacity 2183K, committed 2304K, reserved 1048576K
}
Event: 412.737 GC heap before
{Heap before GC invocations=3 (full 0):
 garbage-first heap   total 126976K, used 44118K [0x0000000084200000, 0x0000000100000000)
  region size 1024K, 39 young (39936K), 4 survivors (4096K)
 Metaspace       used 19690K, capacity 20414K, committed 20736K, reserved 1067008K
  class space    used 1981K, capacity 2193K, committed 2304K, reserved 1048576K
}
Event: 412.745 GC heap after
{Heap after GC invocations=4 (full 0):
 garbage-first heap   total 126976K, used 9902K [0x0000000084200000, 0x0000000100000000)
  region size 1024K, 1 young (1024K), 1 survivors (1024K)
 Metaspace       used 19690K, capacity 20414K, committed 20736K, reserved 1067008K
  class space    used 1981K, capacity 2193K, committed 2304K, reserved 1048576K
}
Event: 718.463 GC heap before
{Heap before GC invocations=4 (full 0):
 garbage-first heap   total 126976K, used 64174K [0x0000000084200000, 0x0000000100000000)
  region size 1024K, 51 young (52224K), 1 survivors (1024K)
 Metaspace       used 20122K, capacity 20881K, committed 20992K, reserved 1069056K
  class space    used 2015K, capacity 2246K, committed 2304K, reserved 1048576K
}
Event: 718.475 GC heap after
{Heap after GC invocations=5 (full 0):
 garbage-first heap   total 126976K, used 17828K [0x0000000084200000, 0x0000000100000000)
  region size 1024K, 6 young (6144K), 6 survivors (6144K)
 Metaspace       used 20122K, capacity 20881K, committed 20992K, reserved 1069056K
  class space    used 2015K, capacity 2246K, committed 2304K, reserved 1048576K
}
Event: 718.788 GC heap before
{Heap before GC invocations=5 (full 0):
 garbage-first heap   total 126976K, used 46500K [0x0000000084200000, 0x0000000100000000)
  region size 1024K, 35 young (35840K), 6 survivors (6144K)
 Metaspace       used 20450K, capacity 21125K, committed 21248K, reserved 1069056K
  class space    used 2033K, capacity 2284K, committed 2304K, reserved 1048576K
}
Event: 718.794 GC heap after
{Heap after GC invocations=6 (full 0):
 garbage-first heap   total 126976K, used 18680K [0x0000000084200000, 0x0000000100000000)
  region size 1024K, 1 young (1024K), 1 survivors (1024K)
 Metaspace       used 20450K, capacity 21125K, committed 21248K, reserved 1069056K
  class space    used 2033K, capacity 2284K, committed 2304K, reserved 1048576K
}

