# JRE version: OpenJDK Runtime Environment (11.0.10) (build 11.0.10-internal+0-adhoc.tester.openjdk)
# Java VM: OpenJDK 64-Bit Server VM (11.0.10-internal+0-adhoc.tester.openjdk, mixed mode, tiered, compressed oops, g1 gc, linux-amd64)
Heap:
 garbage-first heap   total 126976K, used 47231K [0x0000000084200000, 0x0000000100000000)
  region size 1024K, 29 young (29696K), 1 survivors (1024K)
 Metaspace       used 29492K, capacity 30564K, committed 30716K, reserved 1077248K
  class space    used 3077K, capacity 3473K, committed 3580K, reserved 1048576K
GC Heap History (12 events):
Event: 0.632 GC heap before
{Heap before GC invocations=0 (full 0):
 garbage-first heap   total 126976K, used 14336K [0x0000000084200000, 0x0000000100000000)
  region size 1024K, 14 young (14336K), 0 survivors (0K)
 Metaspace       used 12036K, capacity 12240K, committed 12288K, reserved 1060864K
  class space    used 1190K, capacity 1271K, committed 1280K, reserved 1048576K
}
Event: 0.641 GC heap after
{Heap after GC invocations=1 (full 0):
 garbage-first heap   total 126976K, used 3930K [0x0000000084200000, 0x0000000100000000)
  region size 1024K, 2 young (2048K), 2 survivors (2048K)
 Metaspace       used 12036K, capacity 12240K, committed 12288K, reserved 1060864K
  class space    used 1190K, capacity 1271K, committed 1280K, reserved 1048576K
}
Event: 0.673 GC heap before
{Heap before GC invocations=1 (full 0):
 garbage-first heap   total 126976K, used 8026K [0x0000000084200000, 0x0000000100000000)
  region size 1024K, 6 young (6144K), 2 survivors (2048K)
 Metaspace       used 12044K, capacity 12240K, committed 12288K, reserved 1060864K
  class space    used 1190K, capacity 1271K, committed 1280K, reserved 1048576K
}
Event: 0.678 GC heap after
{Heap after GC invocations=2 (full 0):
 garbage-first heap   total 126976K, used 4352K [0x0000000084200000, 0x0000000100000000)
  region size 1024K, 1 young (1024K), 1 survivors (1024K)
 Metaspace       used 12044K, capacity 12240K, committed 12288K, reserved 1060864K
  class space    used 1190K, capacity 1271K, committed 1280K, reserved 1048576K
}
Event: 0.871 GC heap before
{Heap before GC invocations=2 (full 0):
 garbage-first heap   total 126976K, used 24832K [0x0000000084200000, 0x0000000100000000)
  region size 1024K, 21 young (21504K), 1 survivors (1024K)
 Metaspace       used 12918K, capacity 13224K, committed 13440K, reserved 1060864K
  class space    used 1286K, capacity 1405K, committed 1408K, reserved 1048576K
}
Event: 0.876 GC heap after
{Heap after GC invocations=3 (full 0):
 garbage-first heap   total 126976K, used 7345K [0x0000000084200000, 0x0000000100000000)
  region size 1024K, 3 young (3072K), 3 survivors (3072K)
 Metaspace       used 12918K, capacity 13224K, committed 13440K, reserved 1060864K
  class space    used 1286K, capacity 1405K, committed 1408K, reserved 1048576K
}
Event: 277.240 GC heap before
{Heap before GC invocations=3 (full 0):
 garbage-first heap   total 126976K, used 49329K [0x0000000084200000, 0x0000000100000000)
  region size 1024K, 44 young (45056K), 3 survivors (3072K)
 Metaspace       used 19565K, capacity 20274K, committed 20480K, reserved 1067008K
  class space    used 1977K, capacity 2191K, committed 2304K, reserved 1048576K
}
Event: 277.298 GC heap after
{Heap after GC invocations=4 (full 0):
 garbage-first heap   total 126976K, used 9755K [0x0000000084200000, 0x0000000100000000)
  region size 1024K, 6 young (6144K), 6 survivors (6144K)
 Metaspace       used 19565K, capacity 20274K, committed 20480K, reserved 1067008K
  class space    used 1977K, capacity 2191K, committed 2304K, reserved 1048576K
}
Event: 678.241 GC heap before
{Heap before GC invocations=4 (full 0):
 garbage-first heap   total 126976K, used 65051K [0x0000000084200000, 0x0000000100000000)
  region size 1024K, 57 young (58368K), 6 survivors (6144K)
 Metaspace       used 19986K, capacity 20690K, committed 20992K, reserved 1069056K
  class space    used 2006K, capacity 2235K, committed 2304K, reserved 1048576K
}
Event: 678.264 GC heap after
{Heap after GC invocations=5 (full 0):
 garbage-first heap   total 126976K, used 18395K [0x0000000084200000, 0x0000000100000000)
  region size 1024K, 8 young (8192K), 8 survivors (8192K)
 Metaspace       used 19986K, capacity 20690K, committed 20992K, reserved 1069056K
  class space    used 2006K, capacity 2235K, committed 2304K, reserved 1048576K
}
Event: 683.720 GC heap before
{Heap before GC invocations=5 (full 0):
 garbage-first heap   total 126976K, used 48091K [0x0000000084200000, 0x0000000100000000)
  region size 1024K, 38 young (38912K), 8 survivors (8192K)
 Metaspace       used 20515K, capacity 21180K, committed 21248K, reserved 1069056K
  class space    used 2048K, capacity 2282K, committed 2304K, reserved 1048576K
}
Event: 683.729 GC heap after
{Heap after GC invocations=6 (full 0):
 garbage-first heap   total 126976K, used 18559K [0x0000000084200000, 0x0000000100000000)
  region size 1024K, 1 young (1024K), 1 survivors (1024K)
 Metaspace       used 20515K, capacity 21180K, committed 21248K, reserved 1069056K
  class space    used 2048K, capacity 2282K, committed 2304K, reserved 1048576K
}

