# JRE version: OpenJDK Runtime Environment (11.0.12) (build 11.0.12-internal+0-adhoc.tester.openjdk)
# Java VM: OpenJDK 64-Bit Server VM (11.0.12-internal+0-adhoc.tester.openjdk, mixed mode, tiered, compressed oops, g1 gc, linux-amd64)
Heap:
 garbage-first heap   total 126976K, used 49688K [0x0000000084200000, 0x0000000100000000)
  region size 1024K, 39 young (39936K), 10 survivors (10240K)
 Metaspace       used 29506K, capacity 30563K, committed 30720K, reserved 1077248K
  class space    used 3075K, capacity 3473K, committed 3584K, reserved 1048576K
GC Heap History (10 events):
Event: 0.609 GC heap before
{Heap before GC invocations=0 (full 0):
 garbage-first heap   total 126976K, used 14336K [0x0000000084200000, 0x0000000100000000)
  region size 1024K, 15 young (15360K), 0 survivors (0K)
 Metaspace       used 12005K, capacity 12240K, committed 12288K, reserved 1060864K
  class space    used 1190K, capacity 1271K, committed 1280K, reserved 1048576K
}
Event: 0.620 GC heap after
{Heap after GC invocations=1 (full 0):
 garbage-first heap   total 126976K, used 3847K [0x0000000084200000, 0x0000000100000000)
  region size 1024K, 2 young (2048K), 2 survivors (2048K)
 Metaspace       used 12005K, capacity 12240K, committed 12288K, reserved 1060864K
  class space    used 1190K, capacity 1271K, committed 1280K, reserved 1048576K
}
Event: 0.670 GC heap before
{Heap before GC invocations=1 (full 0):
 garbage-first heap   total 126976K, used 7943K [0x0000000084200000, 0x0000000100000000)
  region size 1024K, 6 young (6144K), 2 survivors (2048K)
 Metaspace       used 12047K, capacity 12304K, committed 12544K, reserved 1060864K
  class space    used 1191K, capacity 1271K, committed 1280K, reserved 1048576K
}
Event: 0.675 GC heap after
{Heap after GC invocations=2 (full 0):
 garbage-first heap   total 126976K, used 4503K [0x0000000084200000, 0x0000000100000000)
  region size 1024K, 1 young (1024K), 1 survivors (1024K)
 Metaspace       used 12047K, capacity 12304K, committed 12544K, reserved 1060864K
  class space    used 1191K, capacity 1271K, committed 1280K, reserved 1048576K
}
Event: 0.847 GC heap before
{Heap before GC invocations=2 (full 0):
 garbage-first heap   total 126976K, used 22935K [0x0000000084200000, 0x0000000100000000)
  region size 1024K, 20 young (20480K), 1 survivors (1024K)
 Metaspace       used 12958K, capacity 13224K, committed 13440K, reserved 1060864K
  class space    used 1293K, capacity 1405K, committed 1408K, reserved 1048576K
}
Event: 0.894 GC heap after
{Heap after GC invocations=3 (full 0):
 garbage-first heap   total 126976K, used 7350K [0x0000000084200000, 0x0000000100000000)
  region size 1024K, 3 young (3072K), 3 survivors (3072K)
 Metaspace       used 12958K, capacity 13224K, committed 13440K, reserved 1060864K
  class space    used 1293K, capacity 1405K, committed 1408K, reserved 1048576K
}
Event: 573.906 GC heap before
{Heap before GC invocations=3 (full 0):
 garbage-first heap   total 126976K, used 72886K [0x0000000084200000, 0x0000000100000000)
  region size 1024K, 68 young (69632K), 3 survivors (3072K)
 Metaspace       used 19694K, capacity 20349K, committed 20480K, reserved 1067008K
  class space    used 1976K, capacity 2191K, committed 2304K, reserved 1048576K
}
Event: 573.969 GC heap after
{Heap after GC invocations=4 (full 0):
 garbage-first heap   total 126976K, used 9668K [0x0000000084200000, 0x0000000100000000)
  region size 1024K, 6 young (6144K), 6 survivors (6144K)
 Metaspace       used 19694K, capacity 20349K, committed 20480K, reserved 1067008K
  class space    used 1976K, capacity 2191K, committed 2304K, reserved 1048576K
}
Event: 684.183 GC heap before
{Heap before GC invocations=4 (full 0):
 garbage-first heap   total 126976K, used 69060K [0x0000000084200000, 0x0000000100000000)
  region size 1024K, 63 young (64512K), 6 survivors (6144K)
 Metaspace       used 20470K, capacity 21179K, committed 21248K, reserved 1069056K
  class space    used 2038K, capacity 2282K, committed 2304K, reserved 1048576K
}
Event: 684.198 GC heap after
{Heap after GC invocations=5 (full 0):
 garbage-first heap   total 126976K, used 17944K [0x0000000084200000, 0x0000000100000000)
  region size 1024K, 10 young (10240K), 10 survivors (10240K)
 Metaspace       used 20470K, capacity 21179K, committed 21248K, reserved 1069056K
  class space    used 2038K, capacity 2282K, committed 2304K, reserved 1048576K
}

