# JRE version: OpenJDK Runtime Environment (11.0.10) (build 11.0.10-internal+0-adhoc.tester.openjdk)
# Java VM: OpenJDK 64-Bit Server VM (11.0.10-internal+0-adhoc.tester.openjdk, mixed mode, tiered, compressed oops, g1 gc, linux-amd64)
Heap:
 garbage-first heap   total 126976K, used 60700K [0x0000000084200000, 0x0000000100000000)
  region size 1024K, 37 young (37888K), 7 survivors (7168K)
 Metaspace       used 29537K, capacity 30572K, committed 30720K, reserved 1077248K
  class space    used 3077K, capacity 3475K, committed 3584K, reserved 1048576K
GC Heap History (12 events):
Event: 0.887 GC heap before
{Heap before GC invocations=0 (full 0):
 garbage-first heap   total 126976K, used 14336K [0x0000000084200000, 0x0000000100000000)
  region size 1024K, 14 young (14336K), 0 survivors (0K)
 Metaspace       used 12059K, capacity 12301K, committed 12544K, reserved 1060864K
  class space    used 1190K, capacity 1270K, committed 1280K, reserved 1048576K
}
Event: 0.894 GC heap after
{Heap after GC invocations=1 (full 0):
 garbage-first heap   total 126976K, used 3883K [0x0000000084200000, 0x0000000100000000)
  region size 1024K, 2 young (2048K), 2 survivors (2048K)
 Metaspace       used 12059K, capacity 12301K, committed 12544K, reserved 1060864K
  class space    used 1190K, capacity 1270K, committed 1280K, reserved 1048576K
}
Event: 1.004 GC heap before
{Heap before GC invocations=1 (full 0):
 garbage-first heap   total 126976K, used 12075K [0x0000000084200000, 0x0000000100000000)
  region size 1024K, 11 young (11264K), 2 survivors (2048K)
 Metaspace       used 12122K, capacity 12397K, committed 12672K, reserved 1060864K
  class space    used 1192K, capacity 1302K, committed 1408K, reserved 1048576K
}
Event: 1.013 GC heap after
{Heap after GC invocations=2 (full 0):
 garbage-first heap   total 126976K, used 4882K [0x0000000084200000, 0x0000000100000000)
  region size 1024K, 1 young (1024K), 1 survivors (1024K)
 Metaspace       used 12122K, capacity 12397K, committed 12672K, reserved 1060864K
  class space    used 1192K, capacity 1302K, committed 1408K, reserved 1048576K
}
Event: 20.610 GC heap before
{Heap before GC invocations=2 (full 0):
 garbage-first heap   total 126976K, used 28434K [0x0000000084200000, 0x0000000100000000)
  region size 1024K, 25 young (25600K), 1 survivors (1024K)
 Metaspace       used 16448K, capacity 17013K, committed 17280K, reserved 1064960K
  class space    used 1676K, capacity 1851K, committed 1920K, reserved 1048576K
}
Event: 20.634 GC heap after
{Heap after GC invocations=3 (full 0):
 garbage-first heap   total 126976K, used 8864K [0x0000000084200000, 0x0000000100000000)
  region size 1024K, 4 young (4096K), 4 survivors (4096K)
 Metaspace       used 16448K, capacity 17013K, committed 17280K, reserved 1064960K
  class space    used 1676K, capacity 1851K, committed 1920K, reserved 1048576K
}
Event: 244.725 GC heap before
{Heap before GC invocations=3 (full 0):
 garbage-first heap   total 126976K, used 39584K [0x0000000084200000, 0x0000000100000000)
  region size 1024K, 35 young (35840K), 4 survivors (4096K)
 Metaspace       used 19541K, capacity 20210K, committed 20480K, reserved 1067008K
  class space    used 1978K, capacity 2192K, committed 2304K, reserved 1048576K
}
Event: 244.743 GC heap after
{Heap after GC invocations=4 (full 0):
 garbage-first heap   total 126976K, used 10129K [0x0000000084200000, 0x0000000100000000)
  region size 1024K, 2 young (2048K), 2 survivors (2048K)
 Metaspace       used 19541K, capacity 20210K, committed 20480K, reserved 1067008K
  class space    used 1978K, capacity 2192K, committed 2304K, reserved 1048576K
}
Event: 713.881 GC heap before
{Heap before GC invocations=4 (full 0):
 garbage-first heap   total 126976K, used 56209K [0x0000000084200000, 0x0000000100000000)
  region size 1024K, 46 young (47104K), 2 survivors (2048K)
 Metaspace       used 19794K, capacity 20519K, committed 20736K, reserved 1067008K
  class space    used 1982K, capacity 2198K, committed 2304K, reserved 1048576K
}
Event: 713.886 GC heap after
{Heap after GC invocations=5 (full 0):
 garbage-first heap   total 126976K, used 14354K [0x0000000084200000, 0x0000000100000000)
  region size 1024K, 4 young (4096K), 4 survivors (4096K)
 Metaspace       used 19794K, capacity 20519K, committed 20736K, reserved 1067008K
  class space    used 1982K, capacity 2198K, committed 2304K, reserved 1048576K
}
Event: 719.845 GC heap before
{Heap before GC invocations=5 (full 0):
 garbage-first heap   total 126976K, used 65554K [0x0000000084200000, 0x0000000100000000)
  region size 1024K, 55 young (56320K), 4 survivors (4096K)
 Metaspace       used 20430K, capacity 21121K, committed 21248K, reserved 1069056K
  class space    used 2030K, capacity 2283K, committed 2304K, reserved 1048576K
}
Event: 719.852 GC heap after
{Heap after GC invocations=6 (full 0):
 garbage-first heap   total 126976K, used 18716K [0x0000000084200000, 0x0000000100000000)
  region size 1024K, 7 young (7168K), 7 survivors (7168K)
 Metaspace       used 20430K, capacity 21121K, committed 21248K, reserved 1069056K
  class space    used 2030K, capacity 2283K, committed 2304K, reserved 1048576K
}

