# JRE version: OpenJDK Runtime Environment (11.0.12) (build 11.0.12-internal+0-adhoc.tester.openjdk)
# Java VM: OpenJDK 64-Bit Server VM (11.0.12-internal+0-adhoc.tester.openjdk, mixed mode, tiered, compressed oops, g1 gc, linux-amd64)
Heap:
 garbage-first heap   total 126976K, used 60118K [0x0000000084200000, 0x0000000100000000)
  region size 1024K, 40 young (40960K), 9 survivors (9216K)
 Metaspace       used 29543K, capacity 30635K, committed 30972K, reserved 1077248K
  class space    used 3079K, capacity 3475K, committed 3580K, reserved 1048576K
GC Heap History (10 events):
Event: 0.869 GC heap before
{Heap before GC invocations=0 (full 0):
 garbage-first heap   total 126976K, used 14336K [0x0000000084200000, 0x0000000100000000)
  region size 1024K, 14 young (14336K), 0 survivors (0K)
 Metaspace       used 11967K, capacity 12176K, committed 12288K, reserved 1060864K
  class space    used 1190K, capacity 1271K, committed 1280K, reserved 1048576K
}
Event: 0.880 GC heap after
{Heap after GC invocations=1 (full 0):
 garbage-first heap   total 126976K, used 3869K [0x0000000084200000, 0x0000000100000000)
  region size 1024K, 2 young (2048K), 2 survivors (2048K)
 Metaspace       used 11967K, capacity 12176K, committed 12288K, reserved 1060864K
  class space    used 1190K, capacity 1271K, committed 1280K, reserved 1048576K
}
Event: 1.026 GC heap before
{Heap before GC invocations=1 (full 0):
 garbage-first heap   total 126976K, used 16157K [0x0000000084200000, 0x0000000100000000)
  region size 1024K, 14 young (14336K), 2 survivors (2048K)
 Metaspace       used 12012K, capacity 12240K, committed 12288K, reserved 1060864K
  class space    used 1191K, capacity 1271K, committed 1280K, reserved 1048576K
}
Event: 1.032 GC heap after
{Heap after GC invocations=2 (full 0):
 garbage-first heap   total 126976K, used 5021K [0x0000000084200000, 0x0000000100000000)
  region size 1024K, 2 young (2048K), 2 survivors (2048K)
 Metaspace       used 12012K, capacity 12240K, committed 12288K, reserved 1060864K
  class space    used 1191K, capacity 1271K, committed 1280K, reserved 1048576K
}
Event: 61.989 GC heap before
{Heap before GC invocations=2 (full 0):
 garbage-first heap   total 126976K, used 33693K [0x0000000084200000, 0x0000000100000000)
  region size 1024K, 30 young (30720K), 2 survivors (2048K)
 Metaspace       used 18990K, capacity 19642K, committed 19968K, reserved 1067008K
  class space    used 1953K, capacity 2183K, committed 2304K, reserved 1048576K
}
Event: 62.004 GC heap after
{Heap after GC invocations=3 (full 0):
 garbage-first heap   total 126976K, used 9481K [0x0000000084200000, 0x0000000100000000)
  region size 1024K, 4 young (4096K), 4 survivors (4096K)
 Metaspace       used 18990K, capacity 19642K, committed 19968K, reserved 1067008K
  class space    used 1953K, capacity 2183K, committed 2304K, reserved 1048576K
}
Event: 614.987 GC heap before
{Heap before GC invocations=3 (full 0):
 garbage-first heap   total 126976K, used 63753K [0x0000000084200000, 0x0000000100000000)
  region size 1024K, 58 young (59392K), 4 survivors (4096K)
 Metaspace       used 19748K, capacity 20421K, committed 20736K, reserved 1067008K
  class space    used 1981K, capacity 2193K, committed 2304K, reserved 1048576K
}
Event: 614.994 GC heap after
{Heap after GC invocations=4 (full 0):
 garbage-first heap   total 126976K, used 9926K [0x0000000084200000, 0x0000000100000000)
  region size 1024K, 5 young (5120K), 5 survivors (5120K)
 Metaspace       used 19748K, capacity 20421K, committed 20736K, reserved 1067008K
  class space    used 1981K, capacity 2193K, committed 2304K, reserved 1048576K
}
Event: 719.859 GC heap before
{Heap before GC invocations=4 (full 0):
 garbage-first heap   total 126976K, used 76486K [0x0000000084200000, 0x0000000100000000)
  region size 1024K, 68 young (69632K), 5 survivors (5120K)
 Metaspace       used 20424K, capacity 21123K, committed 21248K, reserved 1069056K
  class space    used 2034K, capacity 2284K, committed 2304K, reserved 1048576K
}
Event: 719.872 GC heap after
{Heap after GC invocations=5 (full 0):
 garbage-first heap   total 126976K, used 18134K [0x0000000084200000, 0x0000000100000000)
  region size 1024K, 9 young (9216K), 9 survivors (9216K)
 Metaspace       used 20424K, capacity 21123K, committed 21248K, reserved 1069056K
  class space    used 2034K, capacity 2284K, committed 2304K, reserved 1048576K
}

