# JRE version: OpenJDK Runtime Environment (11.0.12) (build 11.0.12-internal+0-adhoc.tester.openjdk)
# Java VM: OpenJDK 64-Bit Server VM (11.0.12-internal+0-adhoc.tester.openjdk, mixed mode, tiered, compressed oops, g1 gc, linux-amd64)
Heap:
 garbage-first heap   total 256000K, used 53784K [0x0000000706000000, 0x0000000800000000)
  region size 1024K, 35 young (35840K), 8 survivors (8192K)
 Metaspace       used 29396K, capacity 30501K, committed 30720K, reserved 1077248K
  class space    used 3080K, capacity 3481K, committed 3584K, reserved 1048576K
GC Heap History (10 events):
Event: 0.674 GC heap before
{Heap before GC invocations=0 (full 0):
 garbage-first heap   total 256000K, used 22528K [0x0000000706000000, 0x0000000800000000)
  region size 1024K, 23 young (23552K), 0 survivors (0K)
 Metaspace       used 12121K, capacity 12401K, committed 12672K, reserved 1060864K
  class space    used 1205K, capacity 1310K, committed 1408K, reserved 1048576K
}
Event: 0.680 GC heap after
{Heap after GC invocations=1 (full 0):
 garbage-first heap   total 256000K, used 4502K [0x0000000706000000, 0x0000000800000000)
  region size 1024K, 3 young (3072K), 3 survivors (3072K)
 Metaspace       used 12121K, capacity 12401K, committed 12672K, reserved 1060864K
  class space    used 1205K, capacity 1310K, committed 1408K, reserved 1048576K
}
Event: 5.958 GC heap before
{Heap before GC invocations=1 (full 0):
 garbage-first heap   total 256000K, used 23958K [0x0000000706000000, 0x0000000800000000)
  region size 1024K, 22 young (22528K), 3 survivors (3072K)
 Metaspace       used 14846K, capacity 15209K, committed 15488K, reserved 1062912K
  class space    used 1502K, capacity 1620K, committed 1664K, reserved 1048576K
}
Event: 5.961 GC heap after
{Heap after GC invocations=2 (full 0):
 garbage-first heap   total 256000K, used 4638K [0x0000000706000000, 0x0000000800000000)
  region size 1024K, 1 young (1024K), 1 survivors (1024K)
 Metaspace       used 14846K, capacity 15209K, committed 15488K, reserved 1062912K
  class space    used 1502K, capacity 1620K, committed 1664K, reserved 1048576K
}
Event: 436.033 GC heap before
{Heap before GC invocations=2 (full 0):
 garbage-first heap   total 256000K, used 58910K [0x0000000706000000, 0x0000000800000000)
  region size 1024K, 54 young (55296K), 1 survivors (1024K)
 Metaspace       used 19656K, capacity 20354K, committed 20480K, reserved 1067008K
  class space    used 1990K, capacity 2200K, committed 2304K, reserved 1048576K
}
Event: 436.044 GC heap after
{Heap after GC invocations=3 (full 0):
 garbage-first heap   total 256000K, used 6258K [0x0000000706000000, 0x0000000800000000)
  region size 1024K, 3 young (3072K), 3 survivors (3072K)
 Metaspace       used 19656K, capacity 20354K, committed 20480K, reserved 1067008K
  class space    used 1990K, capacity 2200K, committed 2304K, reserved 1048576K
}
Event: 703.690 GC heap before
{Heap before GC invocations=3 (full 0):
 garbage-first heap   total 256000K, used 83058K [0x0000000706000000, 0x0000000800000000)
  region size 1024K, 75 young (76800K), 3 survivors (3072K)
 Metaspace       used 20325K, capacity 21063K, committed 21248K, reserved 1069056K
  class space    used 2034K, capacity 2292K, committed 2304K, reserved 1048576K
}
Event: 703.702 GC heap after
{Heap after GC invocations=4 (full 0):
 garbage-first heap   total 256000K, used 14683K [0x0000000706000000, 0x0000000800000000)
  region size 1024K, 8 young (8192K), 8 survivors (8192K)
 Metaspace       used 20325K, capacity 21063K, committed 21248K, reserved 1069056K
  class space    used 2034K, capacity 2292K, committed 2304K, reserved 1048576K
}
Event: 703.735 GC heap before
{Heap before GC invocations=4 (full 0):
 garbage-first heap   total 256000K, used 20827K [0x0000000706000000, 0x0000000800000000)
  region size 1024K, 15 young (15360K), 8 survivors (8192K)
 Metaspace       used 20492K, capacity 21191K, committed 21248K, reserved 1069056K
  class space    used 2052K, capacity 2292K, committed 2304K, reserved 1048576K
}
Event: 703.740 GC heap after
{Heap after GC invocations=5 (full 0):
 garbage-first heap   total 256000K, used 14872K [0x0000000706000000, 0x0000000800000000)
  region size 1024K, 8 young (8192K), 8 survivors (8192K)
 Metaspace       used 20492K, capacity 21191K, committed 21248K, reserved 1069056K
  class space    used 2052K, capacity 2292K, committed 2304K, reserved 1048576K
}

