# JRE version: OpenJDK Runtime Environment (11.0.12) (build 11.0.12-internal+0-adhoc.tester.openjdk)
# Java VM: OpenJDK 64-Bit Server VM (11.0.12-internal+0-adhoc.tester.openjdk, mixed mode, tiered, compressed oops, g1 gc, linux-amd64)
Heap:
 garbage-first heap   total 126976K, used 56825K [0x0000000084200000, 0x0000000100000000)
  region size 1024K, 38 young (38912K), 8 survivors (8192K)
 Metaspace       used 29529K, capacity 30571K, committed 30720K, reserved 1077248K
  class space    used 3076K, capacity 3475K, committed 3584K, reserved 1048576K
GC Heap History (10 events):
Event: 0.817 GC heap before
{Heap before GC invocations=0 (full 0):
 garbage-first heap   total 126976K, used 14336K [0x0000000084200000, 0x0000000100000000)
  region size 1024K, 14 young (14336K), 0 survivors (0K)
 Metaspace       used 11970K, capacity 12176K, committed 12288K, reserved 1060864K
  class space    used 1190K, capacity 1271K, committed 1280K, reserved 1048576K
}
Event: 0.827 GC heap after
{Heap after GC invocations=1 (full 0):
 garbage-first heap   total 126976K, used 3926K [0x0000000084200000, 0x0000000100000000)
  region size 1024K, 2 young (2048K), 2 survivors (2048K)
 Metaspace       used 11970K, capacity 12176K, committed 12288K, reserved 1060864K
  class space    used 1190K, capacity 1271K, committed 1280K, reserved 1048576K
}
Event: 0.995 GC heap before
{Heap before GC invocations=1 (full 0):
 garbage-first heap   total 126976K, used 19286K [0x0000000084200000, 0x0000000100000000)
  region size 1024K, 17 young (17408K), 2 survivors (2048K)
 Metaspace       used 12125K, capacity 12403K, committed 12672K, reserved 1060864K
  class space    used 1198K, capacity 1304K, committed 1408K, reserved 1048576K
}
Event: 1.005 GC heap after
{Heap after GC invocations=2 (full 0):
 garbage-first heap   total 126976K, used 6452K [0x0000000084200000, 0x0000000100000000)
  region size 1024K, 3 young (3072K), 3 survivors (3072K)
 Metaspace       used 12125K, capacity 12403K, committed 12672K, reserved 1060864K
  class space    used 1198K, capacity 1304K, committed 1408K, reserved 1048576K
}
Event: 32.637 GC heap before
{Heap before GC invocations=2 (full 0):
 garbage-first heap   total 126976K, used 27956K [0x0000000084200000, 0x0000000100000000)
  region size 1024K, 24 young (24576K), 3 survivors (3072K)
 Metaspace       used 18686K, capacity 19284K, committed 19328K, reserved 1067008K
  class space    used 1929K, capacity 2139K, committed 2176K, reserved 1048576K
}
Event: 32.723 GC heap after
{Heap after GC invocations=3 (full 0):
 garbage-first heap   total 126976K, used 7155K [0x0000000084200000, 0x0000000100000000)
  region size 1024K, 3 young (3072K), 3 survivors (3072K)
 Metaspace       used 18686K, capacity 19284K, committed 19328K, reserved 1067008K
  class space    used 1929K, capacity 2139K, committed 2176K, reserved 1048576K
}
Event: 712.953 GC heap before
{Heap before GC invocations=3 (full 0):
 garbage-first heap   total 126976K, used 82931K [0x0000000084200000, 0x0000000100000000)
  region size 1024K, 74 young (75776K), 3 survivors (3072K)
 Metaspace       used 19774K, capacity 20457K, committed 20736K, reserved 1067008K
  class space    used 1983K, capacity 2199K, committed 2304K, reserved 1048576K
}
Event: 712.975 GC heap after
{Heap after GC invocations=4 (full 0):
 garbage-first heap   total 126976K, used 12792K [0x0000000084200000, 0x0000000100000000)
  region size 1024K, 5 young (5120K), 5 survivors (5120K)
 Metaspace       used 19774K, capacity 20457K, committed 20736K, reserved 1067008K
  class space    used 1983K, capacity 2199K, committed 2304K, reserved 1048576K
}
Event: 718.884 GC heap before
{Heap before GC invocations=4 (full 0):
 garbage-first heap   total 126976K, used 62968K [0x0000000084200000, 0x0000000100000000)
  region size 1024K, 55 young (56320K), 5 survivors (5120K)
 Metaspace       used 20475K, capacity 21187K, committed 21248K, reserved 1069056K
  class space    used 2042K, capacity 2284K, committed 2304K, reserved 1048576K
}
Event: 718.895 GC heap after
{Heap after GC invocations=5 (full 0):
 garbage-first heap   total 126976K, used 15865K [0x0000000084200000, 0x0000000100000000)
  region size 1024K, 8 young (8192K), 8 survivors (8192K)
 Metaspace       used 20475K, capacity 21187K, committed 21248K, reserved 1069056K
  class space    used 2042K, capacity 2284K, committed 2304K, reserved 1048576K
}

