# JRE version: OpenJDK Runtime Environment (11.0.12) (build 11.0.12-internal+0-adhoc.tester.openjdk)
# Java VM: OpenJDK 64-Bit Server VM (11.0.12-internal+0-adhoc.tester.openjdk, mixed mode, tiered, compressed oops, g1 gc, linux-amd64)
Heap:
 garbage-first heap   total 126976K, used 49679K [0x0000000084200000, 0x0000000100000000)
  region size 1024K, 34 young (34816K), 6 survivors (6144K)
 Metaspace       used 29475K, capacity 30563K, committed 30716K, reserved 1077248K
  class space    used 3075K, capacity 3473K, committed 3580K, reserved 1048576K
GC Heap History (12 events):
Event: 0.565 GC heap before
{Heap before GC invocations=0 (full 0):
 garbage-first heap   total 126976K, used 14336K [0x0000000084200000, 0x0000000100000000)
  region size 1024K, 14 young (14336K), 0 survivors (0K)
 Metaspace       used 11999K, capacity 12240K, committed 12288K, reserved 1060864K
  class space    used 1190K, capacity 1271K, committed 1280K, reserved 1048576K
}
Event: 0.597 GC heap after
{Heap after GC invocations=1 (full 0):
 garbage-first heap   total 126976K, used 3965K [0x0000000084200000, 0x0000000100000000)
  region size 1024K, 2 young (2048K), 2 survivors (2048K)
 Metaspace       used 11999K, capacity 12240K, committed 12288K, reserved 1060864K
  class space    used 1190K, capacity 1271K, committed 1280K, reserved 1048576K
}
Event: 0.671 GC heap before
{Heap before GC invocations=1 (full 0):
 garbage-first heap   total 126976K, used 13181K [0x0000000084200000, 0x0000000100000000)
  region size 1024K, 12 young (12288K), 2 survivors (2048K)
 Metaspace       used 12028K, capacity 12304K, committed 12544K, reserved 1060864K
  class space    used 1191K, capacity 1271K, committed 1280K, reserved 1048576K
}
Event: 0.677 GC heap after
{Heap after GC invocations=2 (full 0):
 garbage-first heap   total 126976K, used 4878K [0x0000000084200000, 0x0000000100000000)
  region size 1024K, 1 young (1024K), 1 survivors (1024K)
 Metaspace       used 12028K, capacity 12304K, committed 12544K, reserved 1060864K
  class space    used 1191K, capacity 1271K, committed 1280K, reserved 1048576K
}
Event: 17.046 GC heap before
{Heap before GC invocations=2 (full 0):
 garbage-first heap   total 126976K, used 28430K [0x0000000084200000, 0x0000000100000000)
  region size 1024K, 24 young (24576K), 1 survivors (1024K)
 Metaspace       used 18005K, capacity 18627K, committed 18816K, reserved 1067008K
  class space    used 1864K, capacity 2051K, committed 2176K, reserved 1048576K
}
Event: 17.060 GC heap after
{Heap after GC invocations=3 (full 0):
 garbage-first heap   total 126976K, used 8926K [0x0000000084200000, 0x0000000100000000)
  region size 1024K, 3 young (3072K), 3 survivors (3072K)
 Metaspace       used 18005K, capacity 18627K, committed 18816K, reserved 1067008K
  class space    used 1864K, capacity 2051K, committed 2176K, reserved 1048576K
}
Event: 171.027 GC heap before
{Heap before GC invocations=3 (full 0):
 garbage-first heap   total 126976K, used 31454K [0x0000000084200000, 0x0000000100000000)
  region size 1024K, 26 young (26624K), 3 survivors (3072K)
 Metaspace       used 19441K, capacity 20074K, committed 20224K, reserved 1067008K
  class space    used 1977K, capacity 2191K, committed 2304K, reserved 1048576K
}
Event: 171.042 GC heap after
{Heap after GC invocations=4 (full 0):
 garbage-first heap   total 126976K, used 9615K [0x0000000084200000, 0x0000000100000000)
  region size 1024K, 1 young (1024K), 1 survivors (1024K)
 Metaspace       used 19441K, capacity 20074K, committed 20224K, reserved 1067008K
  class space    used 1977K, capacity 2191K, committed 2304K, reserved 1048576K
}
Event: 633.005 GC heap before
{Heap before GC invocations=4 (full 0):
 garbage-first heap   total 126976K, used 46479K [0x0000000084200000, 0x0000000100000000)
  region size 1024K, 38 young (38912K), 1 survivors (1024K)
 Metaspace       used 19681K, capacity 20349K, committed 20480K, reserved 1067008K
  class space    used 1977K, capacity 2191K, committed 2304K, reserved 1048576K
}
Event: 633.015 GC heap after
{Heap after GC invocations=5 (full 0):
 garbage-first heap   total 126976K, used 9613K [0x0000000084200000, 0x0000000100000000)
  region size 1024K, 1 young (1024K), 1 survivors (1024K)
 Metaspace       used 19681K, capacity 20349K, committed 20480K, reserved 1067008K
  class space    used 1977K, capacity 2191K, committed 2304K, reserved 1048576K
}
Event: 684.241 GC heap before
{Heap before GC invocations=5 (full 0):
 garbage-first heap   total 126976K, used 64909K [0x0000000084200000, 0x0000000100000000)
  region size 1024K, 53 young (54272K), 1 survivors (1024K)
 Metaspace       used 20524K, capacity 21179K, committed 21248K, reserved 1069056K
  class space    used 2047K, capacity 2282K, committed 2304K, reserved 1048576K
}
Event: 684.247 GC heap after
{Heap after GC invocations=6 (full 0):
 garbage-first heap   total 126976K, used 17935K [0x0000000084200000, 0x0000000100000000)
  region size 1024K, 6 young (6144K), 6 survivors (6144K)
 Metaspace       used 20524K, capacity 21179K, committed 21248K, reserved 1069056K
  class space    used 2047K, capacity 2282K, committed 2304K, reserved 1048576K
}

