# JRE version: OpenJDK Runtime Environment (11.0.10) (build 11.0.10-internal+0-adhoc.tester.openjdk)
# Java VM: OpenJDK 64-Bit Server VM (11.0.10-internal+0-adhoc.tester.openjdk, mixed mode, tiered, compressed oops, g1 gc, linux-amd64)
Heap:
 garbage-first heap   total 126976K, used 50156K [0x0000000084200000, 0x0000000100000000)
  region size 1024K, 37 young (37888K), 8 survivors (8192K)
 Metaspace       used 29517K, capacity 30563K, committed 30720K, reserved 1077248K
  class space    used 3079K, capacity 3473K, committed 3584K, reserved 1048576K
GC Heap History (12 events):
Event: 0.681 GC heap before
{Heap before GC invocations=0 (full 0):
 garbage-first heap   total 126976K, used 14336K [0x0000000084200000, 0x0000000100000000)
  region size 1024K, 14 young (14336K), 0 survivors (0K)
 Metaspace       used 11996K, capacity 12243K, committed 12288K, reserved 1060864K
  class space    used 1191K, capacity 1272K, committed 1280K, reserved 1048576K
}
Event: 0.693 GC heap after
{Heap after GC invocations=1 (full 0):
 garbage-first heap   total 126976K, used 3798K [0x0000000084200000, 0x0000000100000000)
  region size 1024K, 2 young (2048K), 2 survivors (2048K)
 Metaspace       used 11996K, capacity 12243K, committed 12288K, reserved 1060864K
  class space    used 1191K, capacity 1272K, committed 1280K, reserved 1048576K
}
Event: 0.971 GC heap before
{Heap before GC invocations=1 (full 0):
 garbage-first heap   total 126976K, used 29398K [0x0000000084200000, 0x0000000100000000)
  region size 1024K, 27 young (27648K), 2 survivors (2048K)
 Metaspace       used 13169K, capacity 13419K, committed 13440K, reserved 1060864K
  class space    used 1314K, capacity 1406K, committed 1408K, reserved 1048576K
}
Event: 0.981 GC heap after
{Heap after GC invocations=2 (full 0):
 garbage-first heap   total 126976K, used 6856K [0x0000000084200000, 0x0000000100000000)
  region size 1024K, 4 young (4096K), 4 survivors (4096K)
 Metaspace       used 13169K, capacity 13419K, committed 13440K, reserved 1060864K
  class space    used 1314K, capacity 1406K, committed 1408K, reserved 1048576K
}
Event: 6.201 GC heap before
{Heap before GC invocations=2 (full 0):
 garbage-first heap   total 126976K, used 8904K [0x0000000084200000, 0x0000000100000000)
  region size 1024K, 6 young (6144K), 4 survivors (4096K)
 Metaspace       used 14813K, capacity 15211K, committed 15488K, reserved 1062912K
  class space    used 1490K, capacity 1614K, committed 1664K, reserved 1048576K
}
Event: 6.211 GC heap after
{Heap after GC invocations=3 (full 0):
 garbage-first heap   total 126976K, used 7929K [0x0000000084200000, 0x0000000100000000)
  region size 1024K, 1 young (1024K), 1 survivors (1024K)
 Metaspace       used 14813K, capacity 15211K, committed 15488K, reserved 1062912K
  class space    used 1490K, capacity 1614K, committed 1664K, reserved 1048576K
}
Event: 122.214 GC heap before
{Heap before GC invocations=3 (full 0):
 garbage-first heap   total 126976K, used 34553K [0x0000000084200000, 0x0000000100000000)
  region size 1024K, 27 young (27648K), 1 survivors (1024K)
 Metaspace       used 19433K, capacity 20077K, committed 20224K, reserved 1067008K
  class space    used 1978K, capacity 2192K, committed 2304K, reserved 1048576K
}
Event: 122.239 GC heap after
{Heap after GC invocations=4 (full 0):
 garbage-first heap   total 126976K, used 9139K [0x0000000084200000, 0x0000000100000000)
  region size 1024K, 3 young (3072K), 3 survivors (3072K)
 Metaspace       used 19433K, capacity 20077K, committed 20224K, reserved 1067008K
  class space    used 1978K, capacity 2192K, committed 2304K, reserved 1048576K
}
Event: 558.195 GC heap before
{Heap before GC invocations=4 (full 0):
 garbage-first heap   total 126976K, used 43955K [0x0000000084200000, 0x0000000100000000)
  region size 1024K, 38 young (38912K), 3 survivors (3072K)
 Metaspace       used 19702K, capacity 20416K, committed 20736K, reserved 1067008K
  class space    used 1978K, capacity 2192K, committed 2304K, reserved 1048576K
}
Event: 558.203 GC heap after
{Heap after GC invocations=5 (full 0):
 garbage-first heap   total 126976K, used 9117K [0x0000000084200000, 0x0000000100000000)
  region size 1024K, 3 young (3072K), 3 survivors (3072K)
 Metaspace       used 19702K, capacity 20416K, committed 20736K, reserved 1067008K
  class space    used 1978K, capacity 2192K, committed 2304K, reserved 1048576K
}
Event: 683.485 GC heap before
{Heap before GC invocations=5 (full 0):
 garbage-first heap   total 126976K, used 70557K [0x0000000084200000, 0x0000000100000000)
  region size 1024K, 61 young (62464K), 3 survivors (3072K)
 Metaspace       used 20474K, capacity 21184K, committed 21248K, reserved 1069056K
  class space    used 2039K, capacity 2284K, committed 2304K, reserved 1048576K
}
Event: 683.492 GC heap after
{Heap after GC invocations=6 (full 0):
 garbage-first heap   total 126976K, used 17388K [0x0000000084200000, 0x0000000100000000)
  region size 1024K, 8 young (8192K), 8 survivors (8192K)
 Metaspace       used 20474K, capacity 21184K, committed 21248K, reserved 1069056K
  class space    used 2039K, capacity 2284K, committed 2304K, reserved 1048576K
}

