# JRE version: OpenJDK Runtime Environment (11.0.10) (build 11.0.10-internal+0-adhoc.tester.openjdk)
# Java VM: OpenJDK 64-Bit Server VM (11.0.10-internal+0-adhoc.tester.openjdk, mixed mode, tiered, compressed oops, g1 gc, linux-amd64)
Heap:
 garbage-first heap   total 126976K, used 51506K [0x0000000084200000, 0x0000000100000000)
  region size 1024K, 31 young (31744K), 2 survivors (2048K)
 Metaspace       used 29488K, capacity 30564K, committed 30720K, reserved 1077248K
  class space    used 3078K, capacity 3473K, committed 3584K, reserved 1048576K
GC Heap History (10 events):
Event: 0.554 GC heap before
{Heap before GC invocations=0 (full 0):
 garbage-first heap   total 126976K, used 14336K [0x0000000084200000, 0x0000000100000000)
  region size 1024K, 14 young (14336K), 0 survivors (0K)
 Metaspace       used 12054K, capacity 12243K, committed 12288K, reserved 1060864K
  class space    used 1191K, capacity 1272K, committed 1280K, reserved 1048576K
}
Event: 0.563 GC heap after
{Heap after GC invocations=1 (full 0):
 garbage-first heap   total 126976K, used 3943K [0x0000000084200000, 0x0000000100000000)
  region size 1024K, 2 young (2048K), 2 survivors (2048K)
 Metaspace       used 12054K, capacity 12243K, committed 12288K, reserved 1060864K
  class space    used 1191K, capacity 1272K, committed 1280K, reserved 1048576K
}
Event: 0.670 GC heap before
{Heap before GC invocations=1 (full 0):
 garbage-first heap   total 126976K, used 15207K [0x0000000084200000, 0x0000000100000000)
  region size 1024K, 14 young (14336K), 2 survivors (2048K)
 Metaspace       used 12074K, capacity 12307K, committed 12544K, reserved 1060864K
  class space    used 1191K, capacity 1272K, committed 1280K, reserved 1048576K
}
Event: 0.677 GC heap after
{Heap after GC invocations=2 (full 0):
 garbage-first heap   total 126976K, used 5023K [0x0000000084200000, 0x0000000100000000)
  region size 1024K, 2 young (2048K), 2 survivors (2048K)
 Metaspace       used 12074K, capacity 12307K, committed 12544K, reserved 1060864K
  class space    used 1191K, capacity 1272K, committed 1280K, reserved 1048576K
}
Event: 72.788 GC heap before
{Heap before GC invocations=2 (full 0):
 garbage-first heap   total 126976K, used 33695K [0x0000000084200000, 0x0000000100000000)
  region size 1024K, 31 young (31744K), 2 survivors (2048K)
 Metaspace       used 19044K, capacity 19702K, committed 19968K, reserved 1067008K
  class space    used 1950K, capacity 2182K, committed 2304K, reserved 1048576K
}
Event: 72.841 GC heap after
{Heap after GC invocations=3 (full 0):
 garbage-first heap   total 126976K, used 9123K [0x0000000084200000, 0x0000000100000000)
  region size 1024K, 4 young (4096K), 4 survivors (4096K)
 Metaspace       used 19044K, capacity 19702K, committed 19968K, reserved 1067008K
  class space    used 1950K, capacity 2182K, committed 2304K, reserved 1048576K
}
Event: 679.647 GC heap before
{Heap before GC invocations=3 (full 0):
 garbage-first heap   total 126976K, used 82851K [0x0000000084200000, 0x0000000100000000)
  region size 1024K, 74 young (75776K), 4 survivors (4096K)
 Metaspace       used 19806K, capacity 20517K, committed 20736K, reserved 1067008K
  class space    used 1982K, capacity 2198K, committed 2304K, reserved 1048576K
}
Event: 679.661 GC heap after
{Heap after GC invocations=4 (full 0):
 garbage-first heap   total 126976K, used 18112K [0x0000000084200000, 0x0000000100000000)
  region size 1024K, 10 young (10240K), 10 survivors (10240K)
 Metaspace       used 19806K, capacity 20517K, committed 20736K, reserved 1067008K
  class space    used 1982K, capacity 2198K, committed 2304K, reserved 1048576K
}
Event: 685.078 GC heap before
{Heap before GC invocations=4 (full 0):
 garbage-first heap   total 126976K, used 53952K [0x0000000084200000, 0x0000000100000000)
  region size 1024K, 46 young (47104K), 10 survivors (10240K)
 Metaspace       used 20474K, capacity 21185K, committed 21248K, reserved 1069056K
  class space    used 2039K, capacity 2284K, committed 2304K, reserved 1048576K
}
Event: 685.090 GC heap after
{Heap after GC invocations=5 (full 0):
 garbage-first heap   total 126976K, used 18738K [0x0000000084200000, 0x0000000100000000)
  region size 1024K, 2 young (2048K), 2 survivors (2048K)
 Metaspace       used 20474K, capacity 21185K, committed 21248K, reserved 1069056K
  class space    used 2039K, capacity 2284K, committed 2304K, reserved 1048576K
}

