# JRE version: OpenJDK Runtime Environment (11.0.12) (build 11.0.12-internal+0-adhoc.tester.openjdk)
# Java VM: OpenJDK 64-Bit Server VM (11.0.12-internal+0-adhoc.tester.openjdk, mixed mode, tiered, compressed oops, g1 gc, linux-amd64)
Heap:
 garbage-first heap   total 256000K, used 55425K [0x0000000706000000, 0x0000000800000000)
  region size 1024K, 36 young (36864K), 8 survivors (8192K)
 Metaspace       used 29447K, capacity 30501K, committed 30720K, reserved 1077248K
  class space    used 3080K, capacity 3481K, committed 3584K, reserved 1048576K
GC Heap History (10 events):
Event: 0.661 GC heap before
{Heap before GC invocations=0 (full 0):
 garbage-first heap   total 256000K, used 22528K [0x0000000706000000, 0x0000000800000000)
  region size 1024K, 22 young (22528K), 0 survivors (0K)
 Metaspace       used 12130K, capacity 12398K, committed 12672K, reserved 1060864K
  class space    used 1202K, capacity 1309K, committed 1408K, reserved 1048576K
}
Event: 0.671 GC heap after
{Heap after GC invocations=1 (full 0):
 garbage-first heap   total 256000K, used 4433K [0x0000000706000000, 0x0000000800000000)
  region size 1024K, 3 young (3072K), 3 survivors (3072K)
 Metaspace       used 12130K, capacity 12398K, committed 12672K, reserved 1060864K
  class space    used 1202K, capacity 1309K, committed 1408K, reserved 1048576K
}
Event: 5.844 GC heap before
{Heap before GC invocations=1 (full 0):
 garbage-first heap   total 256000K, used 23889K [0x0000000706000000, 0x0000000800000000)
  region size 1024K, 22 young (22528K), 3 survivors (3072K)
 Metaspace       used 14693K, capacity 15074K, committed 15232K, reserved 1062912K
  class space    used 1475K, capacity 1578K, committed 1664K, reserved 1048576K
}
Event: 5.849 GC heap after
{Heap after GC invocations=2 (full 0):
 garbage-first heap   total 256000K, used 4634K [0x0000000706000000, 0x0000000800000000)
  region size 1024K, 1 young (1024K), 1 survivors (1024K)
 Metaspace       used 14693K, capacity 15074K, committed 15232K, reserved 1062912K
  class space    used 1475K, capacity 1578K, committed 1664K, reserved 1048576K
}
Event: 451.741 GC heap before
{Heap before GC invocations=2 (full 0):
 garbage-first heap   total 256000K, used 59930K [0x0000000706000000, 0x0000000800000000)
  region size 1024K, 55 young (56320K), 1 survivors (1024K)
 Metaspace       used 19718K, capacity 20416K, committed 20736K, reserved 1067008K
  class space    used 1990K, capacity 2199K, committed 2304K, reserved 1048576K
}
Event: 451.752 GC heap after
{Heap after GC invocations=3 (full 0):
 garbage-first heap   total 256000K, used 6402K [0x0000000706000000, 0x0000000800000000)
  region size 1024K, 3 young (3072K), 3 survivors (3072K)
 Metaspace       used 19718K, capacity 20416K, committed 20736K, reserved 1067008K
  class space    used 1990K, capacity 2199K, committed 2304K, reserved 1048576K
}
Event: 707.859 GC heap before
{Heap before GC invocations=3 (full 0):
 garbage-first heap   total 256000K, used 84226K [0x0000000706000000, 0x0000000800000000)
  region size 1024K, 76 young (77824K), 3 survivors (3072K)
 Metaspace       used 20391K, capacity 21122K, committed 21248K, reserved 1069056K
  class space    used 2034K, capacity 2290K, committed 2304K, reserved 1048576K
}
Event: 707.869 GC heap after
{Heap after GC invocations=4 (full 0):
 garbage-first heap   total 256000K, used 14814K [0x0000000706000000, 0x0000000800000000)
  region size 1024K, 8 young (8192K), 8 survivors (8192K)
 Metaspace       used 20391K, capacity 21122K, committed 21248K, reserved 1069056K
  class space    used 2034K, capacity 2290K, committed 2304K, reserved 1048576K
}
Event: 707.889 GC heap before
{Heap before GC invocations=4 (full 0):
 garbage-first heap   total 256000K, used 17886K [0x0000000706000000, 0x0000000800000000)
  region size 1024K, 12 young (12288K), 8 survivors (8192K)
 Metaspace       used 20481K, capacity 21186K, committed 21248K, reserved 1069056K
  class space    used 2043K, capacity 2290K, committed 2304K, reserved 1048576K
}
Event: 707.897 GC heap after
{Heap after GC invocations=5 (full 0):
 garbage-first heap   total 256000K, used 15489K [0x0000000706000000, 0x0000000800000000)
  region size 1024K, 8 young (8192K), 8 survivors (8192K)
 Metaspace       used 20481K, capacity 21186K, committed 21248K, reserved 1069056K
  class space    used 2043K, capacity 2290K, committed 2304K, reserved 1048576K
}

