# JRE version: OpenJDK Runtime Environment (11.0.12) (build 11.0.12-internal+0-adhoc.tester.openjdk)
# Java VM: OpenJDK 64-Bit Server VM (11.0.12-internal+0-adhoc.tester.openjdk, mixed mode, tiered, compressed oops, g1 gc, linux-amd64)
Heap:
 garbage-first heap   total 126976K, used 49863K [0x0000000084200000, 0x0000000100000000)
  region size 1024K, 35 young (35840K), 7 survivors (7168K)
 Metaspace       used 29498K, capacity 30564K, committed 30720K, reserved 1077248K
  class space    used 3075K, capacity 3473K, committed 3584K, reserved 1048576K
GC Heap History (12 events):
Event: 0.608 GC heap before
{Heap before GC invocations=0 (full 0):
 garbage-first heap   total 126976K, used 14336K [0x0000000084200000, 0x0000000100000000)
  region size 1024K, 14 young (14336K), 0 survivors (0K)
 Metaspace       used 12034K, capacity 12240K, committed 12288K, reserved 1060864K
  class space    used 1190K, capacity 1271K, committed 1280K, reserved 1048576K
}
Event: 0.616 GC heap after
{Heap after GC invocations=1 (full 0):
 garbage-first heap   total 126976K, used 3827K [0x0000000084200000, 0x0000000100000000)
  region size 1024K, 2 young (2048K), 2 survivors (2048K)
 Metaspace       used 12034K, capacity 12240K, committed 12288K, reserved 1060864K
  class space    used 1190K, capacity 1271K, committed 1280K, reserved 1048576K
}
Event: 0.659 GC heap before
{Heap before GC invocations=1 (full 0):
 garbage-first heap   total 126976K, used 9971K [0x0000000084200000, 0x0000000100000000)
  region size 1024K, 8 young (8192K), 2 survivors (2048K)
 Metaspace       used 12076K, capacity 12368K, committed 12544K, reserved 1060864K
  class space    used 1191K, capacity 1271K, committed 1280K, reserved 1048576K
}
Event: 0.664 GC heap after
{Heap after GC invocations=2 (full 0):
 garbage-first heap   total 126976K, used 4394K [0x0000000084200000, 0x0000000100000000)
  region size 1024K, 1 young (1024K), 1 survivors (1024K)
 Metaspace       used 12076K, capacity 12368K, committed 12544K, reserved 1060864K
  class space    used 1191K, capacity 1271K, committed 1280K, reserved 1048576K
}
Event: 6.058 GC heap before
{Heap before GC invocations=2 (full 0):
 garbage-first heap   total 126976K, used 26922K [0x0000000084200000, 0x0000000100000000)
  region size 1024K, 23 young (23552K), 1 survivors (1024K)
 Metaspace       used 15097K, capacity 15508K, committed 15744K, reserved 1062912K
  class space    used 1513K, capacity 1652K, committed 1664K, reserved 1048576K
}
Event: 6.075 GC heap after
{Heap after GC invocations=3 (full 0):
 garbage-first heap   total 126976K, used 7913K [0x0000000084200000, 0x0000000100000000)
  region size 1024K, 3 young (3072K), 3 survivors (3072K)
 Metaspace       used 15097K, capacity 15508K, committed 15744K, reserved 1062912K
  class space    used 1513K, capacity 1652K, committed 1664K, reserved 1048576K
}
Event: 191.131 GC heap before
{Heap before GC invocations=3 (full 0):
 garbage-first heap   total 126976K, used 38633K [0x0000000084200000, 0x0000000100000000)
  region size 1024K, 34 young (34816K), 3 survivors (3072K)
 Metaspace       used 19463K, capacity 20074K, committed 20224K, reserved 1067008K
  class space    used 1977K, capacity 2191K, committed 2304K, reserved 1048576K
}
Event: 191.187 GC heap after
{Heap after GC invocations=4 (full 0):
 garbage-first heap   total 126976K, used 9432K [0x0000000084200000, 0x0000000100000000)
  region size 1024K, 2 young (2048K), 2 survivors (2048K)
 Metaspace       used 19463K, capacity 20074K, committed 20224K, reserved 1067008K
  class space    used 1977K, capacity 2191K, committed 2304K, reserved 1048576K
}
Event: 677.956 GC heap before
{Heap before GC invocations=4 (full 0):
 garbage-first heap   total 126976K, used 57560K [0x0000000084200000, 0x0000000100000000)
  region size 1024K, 47 young (48128K), 2 survivors (2048K)
 Metaspace       used 19778K, capacity 20444K, committed 20736K, reserved 1067008K
  class space    used 1981K, capacity 2196K, committed 2304K, reserved 1048576K
}
Event: 677.972 GC heap after
{Heap after GC invocations=5 (full 0):
 garbage-first heap   total 126976K, used 15269K [0x0000000084200000, 0x0000000100000000)
  region size 1024K, 5 young (5120K), 5 survivors (5120K)
 Metaspace       used 19778K, capacity 20444K, committed 20736K, reserved 1067008K
  class space    used 1981K, capacity 2196K, committed 2304K, reserved 1048576K
}
Event: 683.445 GC heap before
{Heap before GC invocations=5 (full 0):
 garbage-first heap   total 126976K, used 58277K [0x0000000084200000, 0x0000000100000000)
  region size 1024K, 48 young (49152K), 5 survivors (5120K)
 Metaspace       used 20537K, capacity 21180K, committed 21248K, reserved 1069056K
  class space    used 2047K, capacity 2282K, committed 2304K, reserved 1048576K
}
Event: 683.455 GC heap after
{Heap after GC invocations=6 (full 0):
 garbage-first heap   total 126976K, used 18119K [0x0000000084200000, 0x0000000100000000)
  region size 1024K, 7 young (7168K), 7 survivors (7168K)
 Metaspace       used 20537K, capacity 21180K, committed 21248K, reserved 1069056K
  class space    used 2047K, capacity 2282K, committed 2304K, reserved 1048576K
}

