# JRE version: OpenJDK Runtime Environment (11.0.10) (build 11.0.10-internal+0-adhoc.tester.openjdk)
# Java VM: OpenJDK 64-Bit Server VM (11.0.10-internal+0-adhoc.tester.openjdk, mixed mode, tiered, compressed oops, g1 gc, linux-amd64)
Heap:
 garbage-first heap   total 256000K, used 55835K [0x0000000706000000, 0x0000000800000000)
  region size 1024K, 35 young (35840K), 8 survivors (8192K)
 Metaspace       used 29424K, capacity 30501K, committed 30720K, reserved 1077248K
  class space    used 3080K, capacity 3481K, committed 3584K, reserved 1048576K
GC Heap History (10 events):
Event: 0.620 GC heap before
{Heap before GC invocations=0 (full 0):
 garbage-first heap   total 256000K, used 22528K [0x0000000706000000, 0x0000000800000000)
  region size 1024K, 23 young (23552K), 0 survivors (0K)
 Metaspace       used 12081K, capacity 12337K, committed 12672K, reserved 1060864K
  class space    used 1205K, capacity 1310K, committed 1408K, reserved 1048576K
}
Event: 0.624 GC heap after
{Heap after GC invocations=1 (full 0):
 garbage-first heap   total 256000K, used 4559K [0x0000000706000000, 0x0000000800000000)
  region size 1024K, 3 young (3072K), 3 survivors (3072K)
 Metaspace       used 12081K, capacity 12337K, committed 12672K, reserved 1060864K
  class space    used 1205K, capacity 1310K, committed 1408K, reserved 1048576K
}
Event: 0.683 GC heap before
{Heap before GC invocations=1 (full 0):
 garbage-first heap   total 256000K, used 13775K [0x0000000706000000, 0x0000000800000000)
  region size 1024K, 12 young (12288K), 3 survivors (3072K)
 Metaspace       used 12223K, capacity 12477K, committed 12672K, reserved 1060864K
  class space    used 1215K, capacity 1314K, committed 1408K, reserved 1048576K
}
Event: 0.686 GC heap after
{Heap after GC invocations=2 (full 0):
 garbage-first heap   total 256000K, used 6069K [0x0000000706000000, 0x0000000800000000)
  region size 1024K, 2 young (2048K), 2 survivors (2048K)
 Metaspace       used 12223K, capacity 12477K, committed 12672K, reserved 1060864K
  class space    used 1215K, capacity 1314K, committed 1408K, reserved 1048576K
}
Event: 95.436 GC heap before
{Heap before GC invocations=2 (full 0):
 garbage-first heap   total 256000K, used 39861K [0x0000000706000000, 0x0000000800000000)
  region size 1024K, 35 young (35840K), 2 survivors (2048K)
 Metaspace       used 19150K, capacity 19821K, committed 19968K, reserved 1067008K
  class space    used 1971K, capacity 2199K, committed 2304K, reserved 1048576K
}
Event: 95.444 GC heap after
{Heap after GC invocations=3 (full 0):
 garbage-first heap   total 256000K, used 8973K [0x0000000706000000, 0x0000000800000000)
  region size 1024K, 5 young (5120K), 5 survivors (5120K)
 Metaspace       used 19150K, capacity 19821K, committed 19968K, reserved 1067008K
  class space    used 1971K, capacity 2199K, committed 2304K, reserved 1048576K
}
Event: 674.388 GC heap before
{Heap before GC invocations=3 (full 0):
 garbage-first heap   total 256000K, used 58125K [0x0000000706000000, 0x0000000800000000)
  region size 1024K, 54 young (55296K), 5 survivors (5120K)
 Metaspace       used 19678K, capacity 20359K, committed 20480K, reserved 1067008K
  class space    used 1990K, capacity 2200K, committed 2304K, reserved 1048576K
}
Event: 674.392 GC heap after
{Heap after GC invocations=4 (full 0):
 garbage-first heap   total 256000K, used 8962K [0x0000000706000000, 0x0000000800000000)
  region size 1024K, 4 young (4096K), 4 survivors (4096K)
 Metaspace       used 19678K, capacity 20359K, committed 20480K, reserved 1067008K
  class space    used 1990K, capacity 2200K, committed 2304K, reserved 1048576K
}
Event: 701.470 GC heap before
{Heap before GC invocations=4 (full 0):
 garbage-first heap   total 256000K, used 71426K [0x0000000706000000, 0x0000000800000000)
  region size 1024K, 63 young (64512K), 4 survivors (4096K)
 Metaspace       used 20479K, capacity 21191K, committed 21248K, reserved 1069056K
  class space    used 2053K, capacity 2292K, committed 2304K, reserved 1048576K
}
Event: 701.489 GC heap after
{Heap after GC invocations=5 (full 0):
 garbage-first heap   total 256000K, used 16923K [0x0000000706000000, 0x0000000800000000)
  region size 1024K, 8 young (8192K), 8 survivors (8192K)
 Metaspace       used 20479K, capacity 21191K, committed 21248K, reserved 1069056K
  class space    used 2053K, capacity 2292K, committed 2304K, reserved 1048576K
}

