# JRE version: OpenJDK Runtime Environment (11.0.12) (build 11.0.12-internal+0-adhoc.tester.openjdk)
# Java VM: OpenJDK 64-Bit Server VM (11.0.12-internal+0-adhoc.tester.openjdk, mixed mode, tiered, compressed oops, g1 gc, linux-amd64)
Heap:
 garbage-first heap   total 126976K, used 60197K [0x0000000084200000, 0x0000000100000000)
  region size 1024K, 36 young (36864K), 6 survivors (6144K)
 Metaspace       used 29562K, capacity 30636K, committed 30976K, reserved 1077248K
  class space    used 3080K, capacity 3475K, committed 3584K, reserved 1048576K
GC Heap History (12 events):
Event: 0.861 GC heap before
{Heap before GC invocations=0 (full 0):
 garbage-first heap   total 126976K, used 14336K [0x0000000084200000, 0x0000000100000000)
  region size 1024K, 14 young (14336K), 0 survivors (0K)
 Metaspace       used 12016K, capacity 12237K, committed 12288K, reserved 1060864K
  class space    used 1190K, capacity 1270K, committed 1280K, reserved 1048576K
}
Event: 0.870 GC heap after
{Heap after GC invocations=1 (full 0):
 garbage-first heap   total 126976K, used 3868K [0x0000000084200000, 0x0000000100000000)
  region size 1024K, 2 young (2048K), 2 survivors (2048K)
 Metaspace       used 12016K, capacity 12237K, committed 12288K, reserved 1060864K
  class space    used 1190K, capacity 1270K, committed 1280K, reserved 1048576K
}
Event: 1.010 GC heap before
{Heap before GC invocations=1 (full 0):
 garbage-first heap   total 126976K, used 18204K [0x0000000084200000, 0x0000000100000000)
  region size 1024K, 16 young (16384K), 2 survivors (2048K)
 Metaspace       used 12095K, capacity 12397K, committed 12672K, reserved 1060864K
  class space    used 1192K, capacity 1302K, committed 1408K, reserved 1048576K
}
Event: 1.045 GC heap after
{Heap after GC invocations=2 (full 0):
 garbage-first heap   total 126976K, used 5327K [0x0000000084200000, 0x0000000100000000)
  region size 1024K, 2 young (2048K), 2 survivors (2048K)
 Metaspace       used 12095K, capacity 12397K, committed 12672K, reserved 1060864K
  class space    used 1192K, capacity 1302K, committed 1408K, reserved 1048576K
}
Event: 28.046 GC heap before
{Heap before GC invocations=2 (full 0):
 garbage-first heap   total 126976K, used 28879K [0x0000000084200000, 0x0000000100000000)
  region size 1024K, 25 young (25600K), 2 survivors (2048K)
 Metaspace       used 18702K, capacity 19325K, committed 19584K, reserved 1067008K
  class space    used 1928K, capacity 2134K, committed 2176K, reserved 1048576K
}
Event: 28.126 GC heap after
{Heap after GC invocations=3 (full 0):
 garbage-first heap   total 126976K, used 9382K [0x0000000084200000, 0x0000000100000000)
  region size 1024K, 4 young (4096K), 4 survivors (4096K)
 Metaspace       used 18702K, capacity 19325K, committed 19584K, reserved 1067008K
  class space    used 1928K, capacity 2134K, committed 2176K, reserved 1048576K
}
Event: 237.041 GC heap before
{Heap before GC invocations=3 (full 0):
 garbage-first heap   total 126976K, used 36006K [0x0000000084200000, 0x0000000100000000)
  region size 1024K, 31 young (31744K), 4 survivors (4096K)
 Metaspace       used 19565K, capacity 20273K, committed 20480K, reserved 1067008K
  class space    used 1981K, capacity 2192K, committed 2304K, reserved 1048576K
}
Event: 237.050 GC heap after
{Heap after GC invocations=4 (full 0):
 garbage-first heap   total 126976K, used 9855K [0x0000000084200000, 0x0000000100000000)
  region size 1024K, 1 young (1024K), 1 survivors (1024K)
 Metaspace       used 19565K, capacity 20273K, committed 20480K, reserved 1067008K
  class space    used 1981K, capacity 2192K, committed 2304K, reserved 1048576K
}
Event: 712.093 GC heap before
{Heap before GC invocations=4 (full 0):
 garbage-first heap   total 126976K, used 49791K [0x0000000084200000, 0x0000000100000000)
  region size 1024K, 40 young (40960K), 1 survivors (1024K)
 Metaspace       used 19803K, capacity 20501K, committed 20736K, reserved 1067008K
  class space    used 1983K, capacity 2195K, committed 2304K, reserved 1048576K
}
Event: 712.095 GC heap after
{Heap after GC invocations=5 (full 0):
 garbage-first heap   total 126976K, used 11217K [0x0000000084200000, 0x0000000100000000)
  region size 1024K, 1 young (1024K), 1 survivors (1024K)
 Metaspace       used 19803K, capacity 20501K, committed 20736K, reserved 1067008K
  class space    used 1983K, capacity 2195K, committed 2304K, reserved 1048576K
}
Event: 719.016 GC heap before
{Heap before GC invocations=5 (full 0):
 garbage-first heap   total 126976K, used 68561K [0x0000000084200000, 0x0000000100000000)
  region size 1024K, 57 young (58368K), 1 survivors (1024K)
 Metaspace       used 20454K, capacity 21121K, committed 21248K, reserved 1069056K
  class space    used 2033K, capacity 2283K, committed 2304K, reserved 1048576K
}
Event: 719.024 GC heap after
{Heap after GC invocations=6 (full 0):
 garbage-first heap   total 126976K, used 18213K [0x0000000084200000, 0x0000000100000000)
  region size 1024K, 6 young (6144K), 6 survivors (6144K)
 Metaspace       used 20454K, capacity 21121K, committed 21248K, reserved 1069056K
  class space    used 2033K, capacity 2283K, committed 2304K, reserved 1048576K
}

