# JRE version: OpenJDK Runtime Environment (11.0.10) (build 11.0.10-internal+0-adhoc.tester.openjdk)
# Java VM: OpenJDK 64-Bit Server VM (11.0.10-internal+0-adhoc.tester.openjdk, mixed mode, tiered, compressed oops, g1 gc, linux-amd64)
Heap:
 garbage-first heap   total 126976K, used 49589K [0x0000000084200000, 0x0000000100000000)
  region size 1024K, 35 young (35840K), 7 survivors (7168K)
 Metaspace       used 29493K, capacity 30564K, committed 30720K, reserved 1077248K
  class space    used 3077K, capacity 3473K, committed 3584K, reserved 1048576K
GC Heap History (12 events):
Event: 0.591 GC heap before
{Heap before GC invocations=0 (full 0):
 garbage-first heap   total 126976K, used 14336K [0x0000000084200000, 0x0000000100000000)
  region size 1024K, 15 young (15360K), 0 survivors (0K)
 Metaspace       used 12050K, capacity 12240K, committed 12288K, reserved 1060864K
  class space    used 1190K, capacity 1271K, committed 1280K, reserved 1048576K
}
Event: 0.599 GC heap after
{Heap after GC invocations=1 (full 0):
 garbage-first heap   total 126976K, used 3933K [0x0000000084200000, 0x0000000100000000)
  region size 1024K, 2 young (2048K), 2 survivors (2048K)
 Metaspace       used 12050K, capacity 12240K, committed 12288K, reserved 1060864K
  class space    used 1190K, capacity 1271K, committed 1280K, reserved 1048576K
}
Event: 0.650 GC heap before
{Heap before GC invocations=1 (full 0):
 garbage-first heap   total 126976K, used 10077K [0x0000000084200000, 0x0000000100000000)
  region size 1024K, 9 young (9216K), 2 survivors (2048K)
 Metaspace       used 12119K, capacity 12400K, committed 12672K, reserved 1060864K
  class space    used 1193K, capacity 1303K, committed 1408K, reserved 1048576K
}
Event: 0.657 GC heap after
{Heap after GC invocations=2 (full 0):
 garbage-first heap   total 126976K, used 4577K [0x0000000084200000, 0x0000000100000000)
  region size 1024K, 1 young (1024K), 1 survivors (1024K)
 Metaspace       used 12119K, capacity 12400K, committed 12672K, reserved 1060864K
  class space    used 1193K, capacity 1303K, committed 1408K, reserved 1048576K
}
Event: 7.352 GC heap before
{Heap before GC invocations=2 (full 0):
 garbage-first heap   total 126976K, used 27105K [0x0000000084200000, 0x0000000100000000)
  region size 1024K, 23 young (23552K), 1 survivors (1024K)
 Metaspace       used 15328K, capacity 15763K, committed 16128K, reserved 1062912K
  class space    used 1540K, capacity 1673K, committed 1792K, reserved 1048576K
}
Event: 7.361 GC heap after
{Heap after GC invocations=3 (full 0):
 garbage-first heap   total 126976K, used 8032K [0x0000000084200000, 0x0000000100000000)
  region size 1024K, 3 young (3072K), 3 survivors (3072K)
 Metaspace       used 15328K, capacity 15763K, committed 16128K, reserved 1062912K
  class space    used 1540K, capacity 1673K, committed 1792K, reserved 1048576K
}
Event: 194.793 GC heap before
{Heap before GC invocations=3 (full 0):
 garbage-first heap   total 126976K, used 39776K [0x0000000084200000, 0x0000000100000000)
  region size 1024K, 34 young (34816K), 3 survivors (3072K)
 Metaspace       used 19458K, capacity 20074K, committed 20224K, reserved 1067008K
  class space    used 1977K, capacity 2191K, committed 2304K, reserved 1048576K
}
Event: 194.816 GC heap after
{Heap after GC invocations=4 (full 0):
 garbage-first heap   total 126976K, used 9368K [0x0000000084200000, 0x0000000100000000)
  region size 1024K, 2 young (2048K), 2 survivors (2048K)
 Metaspace       used 19458K, capacity 20074K, committed 20224K, reserved 1067008K
  class space    used 1977K, capacity 2191K, committed 2304K, reserved 1048576K
}
Event: 677.668 GC heap before
{Heap before GC invocations=4 (full 0):
 garbage-first heap   total 126976K, used 57496K [0x0000000084200000, 0x0000000100000000)
  region size 1024K, 47 young (48128K), 2 survivors (2048K)
 Metaspace       used 19766K, capacity 20444K, committed 20736K, reserved 1067008K
  class space    used 1981K, capacity 2196K, committed 2304K, reserved 1048576K
}
Event: 677.678 GC heap after
{Heap after GC invocations=5 (full 0):
 garbage-first heap   total 126976K, used 15206K [0x0000000084200000, 0x0000000100000000)
  region size 1024K, 4 young (4096K), 4 survivors (4096K)
 Metaspace       used 19766K, capacity 20444K, committed 20736K, reserved 1067008K
  class space    used 1981K, capacity 2196K, committed 2304K, reserved 1048576K
}
Event: 683.196 GC heap before
{Heap before GC invocations=5 (full 0):
 garbage-first heap   total 126976K, used 57190K [0x0000000084200000, 0x0000000100000000)
  region size 1024K, 46 young (47104K), 4 survivors (4096K)
 Metaspace       used 20538K, capacity 21180K, committed 21248K, reserved 1069056K
  class space    used 2047K, capacity 2282K, committed 2304K, reserved 1048576K
}
Event: 683.202 GC heap after
{Heap after GC invocations=6 (full 0):
 garbage-first heap   total 126976K, used 17845K [0x0000000084200000, 0x0000000100000000)
  region size 1024K, 7 young (7168K), 7 survivors (7168K)
 Metaspace       used 20538K, capacity 21180K, committed 21248K, reserved 1069056K
  class space    used 2047K, capacity 2282K, committed 2304K, reserved 1048576K
}

