# JRE version: OpenJDK Runtime Environment (11.0.10) (build 11.0.10-internal+0-adhoc.tester.openjdk)
# Java VM: OpenJDK 64-Bit Server VM (11.0.10-internal+0-adhoc.tester.openjdk, mixed mode, tiered, compressed oops, g1 gc, linux-amd64)
Heap:
 garbage-first heap   total 256000K, used 54427K [0x0000000706000000, 0x0000000800000000)
  region size 1024K, 35 young (35840K), 8 survivors (8192K)
 Metaspace       used 29452K, capacity 30505K, committed 30720K, reserved 1077248K
  class space    used 3083K, capacity 3481K, committed 3584K, reserved 1048576K
GC Heap History (8 events):
Event: 0.691 GC heap before
{Heap before GC invocations=0 (full 0):
 garbage-first heap   total 256000K, used 22528K [0x0000000706000000, 0x0000000800000000)
  region size 1024K, 23 young (23552K), 0 survivors (0K)
 Metaspace       used 12190K, capacity 12466K, committed 12672K, reserved 1060864K
  class space    used 1204K, capacity 1309K, committed 1408K, reserved 1048576K
}
Event: 0.695 GC heap after
{Heap after GC invocations=1 (full 0):
 garbage-first heap   total 256000K, used 4553K [0x0000000706000000, 0x0000000800000000)
  region size 1024K, 3 young (3072K), 3 survivors (3072K)
 Metaspace       used 12190K, capacity 12466K, committed 12672K, reserved 1060864K
  class space    used 1204K, capacity 1309K, committed 1408K, reserved 1048576K
}
Event: 5.915 GC heap before
{Heap before GC invocations=1 (full 0):
 garbage-first heap   total 256000K, used 22985K [0x0000000706000000, 0x0000000800000000)
  region size 1024K, 21 young (21504K), 3 survivors (3072K)
 Metaspace       used 14693K, capacity 15078K, committed 15232K, reserved 1062912K
  class space    used 1475K, capacity 1578K, committed 1664K, reserved 1048576K
}
Event: 5.926 GC heap after
{Heap after GC invocations=2 (full 0):
 garbage-first heap   total 256000K, used 5489K [0x0000000706000000, 0x0000000800000000)
  region size 1024K, 2 young (2048K), 2 survivors (2048K)
 Metaspace       used 14693K, capacity 15078K, committed 15232K, reserved 1062912K
  class space    used 1475K, capacity 1578K, committed 1664K, reserved 1048576K
}
Event: 301.957 GC heap before
{Heap before GC invocations=2 (full 0):
 garbage-first heap   total 256000K, used 47473K [0x0000000706000000, 0x0000000800000000)
  region size 1024K, 44 young (45056K), 2 survivors (2048K)
 Metaspace       used 19657K, capacity 20351K, committed 20480K, reserved 1067008K
  class space    used 1990K, capacity 2199K, committed 2304K, reserved 1048576K
}
Event: 301.963 GC heap after
{Heap after GC invocations=3 (full 0):
 garbage-first heap   total 256000K, used 7127K [0x0000000706000000, 0x0000000800000000)
  region size 1024K, 3 young (3072K), 3 survivors (3072K)
 Metaspace       used 19657K, capacity 20351K, committed 20480K, reserved 1067008K
  class space    used 1990K, capacity 2199K, committed 2304K, reserved 1048576K
}
Event: 703.494 GC heap before
{Heap before GC invocations=3 (full 0):
 garbage-first heap   total 256000K, used 98263K [0x0000000706000000, 0x0000000800000000)
  region size 1024K, 90 young (92160K), 3 survivors (3072K)
 Metaspace       used 20497K, capacity 21190K, committed 21248K, reserved 1069056K
  class space    used 2044K, capacity 2290K, committed 2304K, reserved 1048576K
}
Event: 703.504 GC heap after
{Heap after GC invocations=4 (full 0):
 garbage-first heap   total 256000K, used 15515K [0x0000000706000000, 0x0000000800000000)
  region size 1024K, 8 young (8192K), 8 survivors (8192K)
 Metaspace       used 20497K, capacity 21190K, committed 21248K, reserved 1069056K
  class space    used 2044K, capacity 2290K, committed 2304K, reserved 1048576K
}

