# JRE version: OpenJDK Runtime Environment (11.0.12) (build 11.0.12-internal+0-adhoc.tester.openjdk)
# Java VM: OpenJDK 64-Bit Server VM (11.0.12-internal+0-adhoc.tester.openjdk, mixed mode, tiered, compressed oops, g1 gc, linux-amd64)
Heap:
 garbage-first heap   total 256000K, used 52982K [0x0000000706000000, 0x0000000800000000)
  region size 1024K, 32 young (32768K), 6 survivors (6144K)
 Metaspace       used 29409K, capacity 30505K, committed 30716K, reserved 1077248K
  class space    used 3082K, capacity 3481K, committed 3580K, reserved 1048576K
GC Heap History (10 events):
Event: 0.692 GC heap before
{Heap before GC invocations=0 (full 0):
 garbage-first heap   total 256000K, used 22528K [0x0000000706000000, 0x0000000800000000)
  region size 1024K, 22 young (22528K), 0 survivors (0K)
 Metaspace       used 12111K, capacity 12405K, committed 12672K, reserved 1060864K
  class space    used 1205K, capacity 1310K, committed 1408K, reserved 1048576K
}
Event: 0.700 GC heap after
{Heap after GC invocations=1 (full 0):
 garbage-first heap   total 256000K, used 4530K [0x0000000706000000, 0x0000000800000000)
  region size 1024K, 3 young (3072K), 3 survivors (3072K)
 Metaspace       used 12111K, capacity 12405K, committed 12672K, reserved 1060864K
  class space    used 1205K, capacity 1310K, committed 1408K, reserved 1048576K
}
Event: 5.918 GC heap before
{Heap before GC invocations=1 (full 0):
 garbage-first heap   total 256000K, used 23986K [0x0000000706000000, 0x0000000800000000)
  region size 1024K, 22 young (22528K), 3 survivors (3072K)
 Metaspace       used 14652K, capacity 15017K, committed 15232K, reserved 1062912K
  class space    used 1476K, capacity 1579K, committed 1664K, reserved 1048576K
}
Event: 5.930 GC heap after
{Heap after GC invocations=2 (full 0):
 garbage-first heap   total 256000K, used 4478K [0x0000000706000000, 0x0000000800000000)
  region size 1024K, 1 young (1024K), 1 survivors (1024K)
 Metaspace       used 14652K, capacity 15017K, committed 15232K, reserved 1062912K
  class space    used 1476K, capacity 1579K, committed 1664K, reserved 1048576K
}
Event: 385.849 GC heap before
{Heap before GC invocations=2 (full 0):
 garbage-first heap   total 256000K, used 53630K [0x0000000706000000, 0x0000000800000000)
  region size 1024K, 50 young (51200K), 1 survivors (1024K)
 Metaspace       used 19596K, capacity 20287K, committed 20480K, reserved 1067008K
  class space    used 1990K, capacity 2200K, committed 2304K, reserved 1048576K
}
Event: 385.875 GC heap after
{Heap after GC invocations=3 (full 0):
 garbage-first heap   total 256000K, used 6112K [0x0000000706000000, 0x0000000800000000)
  region size 1024K, 3 young (3072K), 3 survivors (3072K)
 Metaspace       used 19596K, capacity 20287K, committed 20480K, reserved 1067008K
  class space    used 1990K, capacity 2200K, committed 2304K, reserved 1048576K
}
Event: 703.334 GC heap before
{Heap before GC invocations=3 (full 0):
 garbage-first heap   total 256000K, used 76768K [0x0000000706000000, 0x0000000800000000)
  region size 1024K, 69 young (70656K), 3 survivors (3072K)
 Metaspace       used 20287K, capacity 21003K, committed 21248K, reserved 1069056K
  class space    used 2035K, capacity 2292K, committed 2304K, reserved 1048576K
}
Event: 703.340 GC heap after
{Heap after GC invocations=4 (full 0):
 garbage-first heap   total 256000K, used 14515K [0x0000000706000000, 0x0000000800000000)
  region size 1024K, 8 young (8192K), 8 survivors (8192K)
 Metaspace       used 20287K, capacity 21003K, committed 21248K, reserved 1069056K
  class space    used 2035K, capacity 2292K, committed 2304K, reserved 1048576K
}
Event: 703.406 GC heap before
{Heap before GC invocations=4 (full 0):
 garbage-first heap   total 256000K, used 30899K [0x0000000706000000, 0x0000000800000000)
  region size 1024K, 25 young (25600K), 8 survivors (8192K)
 Metaspace       used 20482K, capacity 21195K, committed 21248K, reserved 1069056K
  class space    used 2053K, capacity 2292K, committed 2304K, reserved 1048576K
}
Event: 703.421 GC heap after
{Heap after GC invocations=5 (full 0):
 garbage-first heap   total 256000K, used 15094K [0x0000000706000000, 0x0000000800000000)
  region size 1024K, 6 young (6144K), 6 survivors (6144K)
 Metaspace       used 20482K, capacity 21195K, committed 21248K, reserved 1069056K
  class space    used 2053K, capacity 2292K, committed 2304K, reserved 1048576K
}

