# JRE version: OpenJDK Runtime Environment (11.0.10) (build 11.0.10-internal+0-adhoc.tester.openjdk)
# Java VM: OpenJDK 64-Bit Server VM (11.0.10-internal+0-adhoc.tester.openjdk, mixed mode, tiered, compressed oops, g1 gc, linux-amd64)
Heap:
 garbage-first heap   total 126976K, used 60224K [0x0000000084200000, 0x0000000100000000)
  region size 1024K, 30 young (30720K), 1 survivors (1024K)
 Metaspace       used 29552K, capacity 30635K, committed 30972K, reserved 1077248K
  class space    used 3079K, capacity 3475K, committed 3580K, reserved 1048576K
GC Heap History (14 events):
Event: 0.940 GC heap before
{Heap before GC invocations=0 (full 0):
 garbage-first heap   total 126976K, used 14336K [0x0000000084200000, 0x0000000100000000)
  region size 1024K, 14 young (14336K), 0 survivors (0K)
 Metaspace       used 12025K, capacity 12240K, committed 12288K, reserved 1060864K
  class space    used 1190K, capacity 1271K, committed 1280K, reserved 1048576K
}
Event: 0.950 GC heap after
{Heap after GC invocations=1 (full 0):
 garbage-first heap   total 126976K, used 3902K [0x0000000084200000, 0x0000000100000000)
  region size 1024K, 2 young (2048K), 2 survivors (2048K)
 Metaspace       used 12025K, capacity 12240K, committed 12288K, reserved 1060864K
  class space    used 1190K, capacity 1271K, committed 1280K, reserved 1048576K
}
Event: 1.007 GC heap before
{Heap before GC invocations=1 (full 0):
 garbage-first heap   total 126976K, used 9022K [0x0000000084200000, 0x0000000100000000)
  region size 1024K, 8 young (8192K), 2 survivors (2048K)
 Metaspace       used 12107K, capacity 12400K, committed 12672K, reserved 1060864K
  class space    used 1193K, capacity 1303K, committed 1408K, reserved 1048576K
}
Event: 1.014 GC heap after
{Heap after GC invocations=2 (full 0):
 garbage-first heap   total 126976K, used 4570K [0x0000000084200000, 0x0000000100000000)
  region size 1024K, 1 young (1024K), 1 survivors (1024K)
 Metaspace       used 12107K, capacity 12400K, committed 12672K, reserved 1060864K
  class space    used 1193K, capacity 1303K, committed 1408K, reserved 1048576K
}
Event: 8.633 GC heap before
{Heap before GC invocations=2 (full 0):
 garbage-first heap   total 126976K, used 27098K [0x0000000084200000, 0x0000000100000000)
  region size 1024K, 23 young (23552K), 1 survivors (1024K)
 Metaspace       used 15355K, capacity 15780K, committed 16128K, reserved 1062912K
  class space    used 1542K, capacity 1676K, committed 1792K, reserved 1048576K
}
Event: 8.652 GC heap after
{Heap after GC invocations=3 (full 0):
 garbage-first heap   total 126976K, used 8192K [0x0000000084200000, 0x0000000100000000)
  region size 1024K, 3 young (3072K), 3 survivors (3072K)
 Metaspace       used 15355K, capacity 15780K, committed 16128K, reserved 1062912K
  class space    used 1542K, capacity 1676K, committed 1792K, reserved 1048576K
}
Event: 144.814 GC heap before
{Heap before GC invocations=3 (full 0):
 garbage-first heap   total 126976K, used 35840K [0x0000000084200000, 0x0000000100000000)
  region size 1024K, 30 young (30720K), 3 survivors (3072K)
 Metaspace       used 19513K, capacity 20146K, committed 20480K, reserved 1067008K
  class space    used 1980K, capacity 2193K, committed 2304K, reserved 1048576K
}
Event: 144.825 GC heap after
{Heap after GC invocations=4 (full 0):
 garbage-first heap   total 126976K, used 10093K [0x0000000084200000, 0x0000000100000000)
  region size 1024K, 2 young (2048K), 2 survivors (2048K)
 Metaspace       used 19513K, capacity 20146K, committed 20480K, reserved 1067008K
  class space    used 1980K, capacity 2193K, committed 2304K, reserved 1048576K
}
Event: 653.823 GC heap before
{Heap before GC invocations=4 (full 0):
 garbage-first heap   total 126976K, used 52077K [0x0000000084200000, 0x0000000100000000)
  region size 1024K, 43 young (44032K), 2 survivors (2048K)
 Metaspace       used 19766K, capacity 20421K, committed 20736K, reserved 1067008K
  class space    used 1980K, capacity 2193K, committed 2304K, reserved 1048576K
}
Event: 653.833 GC heap after
{Heap after GC invocations=5 (full 0):
 garbage-first heap   total 126976K, used 10071K [0x0000000084200000, 0x0000000100000000)
  region size 1024K, 2 young (2048K), 2 survivors (2048K)
 Metaspace       used 19766K, capacity 20421K, committed 20736K, reserved 1067008K
  class space    used 1980K, capacity 2193K, committed 2304K, reserved 1048576K
}
Event: 720.243 GC heap before
{Heap before GC invocations=5 (full 0):
 garbage-first heap   total 126976K, used 69463K [0x0000000084200000, 0x0000000100000000)
  region size 1024K, 57 young (58368K), 2 survivors (2048K)
 Metaspace       used 20348K, capacity 21123K, committed 21248K, reserved 1069056K
  class space    used 2023K, capacity 2284K, committed 2304K, reserved 1048576K
}
Event: 720.274 GC heap after
{Heap after GC invocations=6 (full 0):
 garbage-first heap   total 126976K, used 18404K [0x0000000084200000, 0x0000000100000000)
  region size 1024K, 7 young (7168K), 7 survivors (7168K)
 Metaspace       used 20348K, capacity 21123K, committed 21248K, reserved 1069056K
  class space    used 2023K, capacity 2284K, committed 2304K, reserved 1048576K
}
Event: 720.345 GC heap before
{Heap before GC invocations=6 (full 0):
 garbage-first heap   total 126976K, used 23524K [0x0000000084200000, 0x0000000100000000)
  region size 1024K, 13 young (13312K), 7 survivors (7168K)
 Metaspace       used 20523K, capacity 21187K, committed 21248K, reserved 1069056K
  class space    used 2040K, capacity 2284K, committed 2304K, reserved 1048576K
}
Event: 720.353 GC heap after
{Heap after GC invocations=7 (full 0):
 garbage-first heap   total 126976K, used 19264K [0x0000000084200000, 0x0000000100000000)
  region size 1024K, 1 young (1024K), 1 survivors (1024K)
 Metaspace       used 20523K, capacity 21187K, committed 21248K, reserved 1069056K
  class space    used 2040K, capacity 2284K, committed 2304K, reserved 1048576K
}

