# JRE version: OpenJDK Runtime Environment (11.0.10) (build 11.0.10-internal+0-adhoc.tester.openjdk)
# Java VM: OpenJDK 64-Bit Server VM (11.0.10-internal+0-adhoc.tester.openjdk, mixed mode, tiered, compressed oops, g1 gc, linux-amd64)
Heap:
 garbage-first heap   total 256000K, used 54084K [0x0000000706000000, 0x0000000800000000)
  region size 1024K, 36 young (36864K), 9 survivors (9216K)
 Metaspace       used 29468K, capacity 30498K, committed 30720K, reserved 1077248K
  class space    used 3083K, capacity 3481K, committed 3584K, reserved 1048576K
GC Heap History (8 events):
Event: 0.737 GC heap before
{Heap before GC invocations=0 (full 0):
 garbage-first heap   total 256000K, used 22528K [0x0000000706000000, 0x0000000800000000)
  region size 1024K, 22 young (22528K), 0 survivors (0K)
 Metaspace       used 12200K, capacity 12461K, committed 12672K, reserved 1060864K
  class space    used 1205K, capacity 1310K, committed 1408K, reserved 1048576K
}
Event: 0.742 GC heap after
{Heap after GC invocations=1 (full 0):
 garbage-first heap   total 256000K, used 4469K [0x0000000706000000, 0x0000000800000000)
  region size 1024K, 3 young (3072K), 3 survivors (3072K)
 Metaspace       used 12200K, capacity 12461K, committed 12672K, reserved 1060864K
  class space    used 1205K, capacity 1310K, committed 1408K, reserved 1048576K
}
Event: 6.043 GC heap before
{Heap before GC invocations=1 (full 0):
 garbage-first heap   total 256000K, used 23925K [0x0000000706000000, 0x0000000800000000)
  region size 1024K, 22 young (22528K), 3 survivors (3072K)
 Metaspace       used 14776K, capacity 15137K, committed 15488K, reserved 1062912K
  class space    used 1480K, capacity 1579K, committed 1664K, reserved 1048576K
}
Event: 6.048 GC heap after
{Heap after GC invocations=2 (full 0):
 garbage-first heap   total 256000K, used 5142K [0x0000000706000000, 0x0000000800000000)
  region size 1024K, 2 young (2048K), 2 survivors (2048K)
 Metaspace       used 14776K, capacity 15137K, committed 15488K, reserved 1062912K
  class space    used 1480K, capacity 1579K, committed 1664K, reserved 1048576K
}
Event: 409.913 GC heap before
{Heap before GC invocations=2 (full 0):
 garbage-first heap   total 256000K, used 57366K [0x0000000706000000, 0x0000000800000000)
  region size 1024K, 53 young (54272K), 2 survivors (2048K)
 Metaspace       used 19714K, capacity 20414K, committed 20736K, reserved 1067008K
  class space    used 1992K, capacity 2200K, committed 2304K, reserved 1048576K
}
Event: 409.925 GC heap after
{Heap after GC invocations=3 (full 0):
 garbage-first heap   total 256000K, used 6877K [0x0000000706000000, 0x0000000800000000)
  region size 1024K, 3 young (3072K), 3 survivors (3072K)
 Metaspace       used 19714K, capacity 20414K, committed 20736K, reserved 1067008K
  class space    used 1992K, capacity 2200K, committed 2304K, reserved 1048576K
}
Event: 703.685 GC heap before
{Heap before GC invocations=3 (full 0):
 garbage-first heap   total 256000K, used 91869K [0x0000000706000000, 0x0000000800000000)
  region size 1024K, 84 young (86016K), 3 survivors (3072K)
 Metaspace       used 20508K, capacity 21188K, committed 21248K, reserved 1069056K
  class space    used 2046K, capacity 2292K, committed 2304K, reserved 1048576K
}
Event: 703.702 GC heap after
{Heap after GC invocations=4 (full 0):
 garbage-first heap   total 256000K, used 15172K [0x0000000706000000, 0x0000000800000000)
  region size 1024K, 9 young (9216K), 9 survivors (9216K)
 Metaspace       used 20508K, capacity 21188K, committed 21248K, reserved 1069056K
  class space    used 2046K, capacity 2292K, committed 2304K, reserved 1048576K
}

