# JRE version: OpenJDK Runtime Environment (11.0.12) (build 11.0.12-internal+0-adhoc.tester.openjdk)
# Java VM: OpenJDK 64-Bit Server VM (11.0.12-internal+0-adhoc.tester.openjdk, mixed mode, tiered, compressed oops, g1 gc, linux-amd64)
Heap:
 garbage-first heap   total 126976K, used 59388K [0x0000000084200000, 0x0000000100000000)
  region size 1024K, 35 young (35840K), 6 survivors (6144K)
 Metaspace       used 29538K, capacity 30636K, committed 30976K, reserved 1077248K
  class space    used 3079K, capacity 3475K, committed 3584K, reserved 1048576K
GC Heap History (12 events):
Event: 0.865 GC heap before
{Heap before GC invocations=0 (full 0):
 garbage-first heap   total 126976K, used 14336K [0x0000000084200000, 0x0000000100000000)
  region size 1024K, 15 young (15360K), 0 survivors (0K)
 Metaspace       used 12027K, capacity 12240K, committed 12288K, reserved 1060864K
  class space    used 1190K, capacity 1271K, committed 1280K, reserved 1048576K
}
Event: 0.873 GC heap after
{Heap after GC invocations=1 (full 0):
 garbage-first heap   total 126976K, used 3905K [0x0000000084200000, 0x0000000100000000)
  region size 1024K, 2 young (2048K), 2 survivors (2048K)
 Metaspace       used 12027K, capacity 12240K, committed 12288K, reserved 1060864K
  class space    used 1190K, capacity 1271K, committed 1280K, reserved 1048576K
}
Event: 0.996 GC heap before
{Heap before GC invocations=1 (full 0):
 garbage-first heap   total 126976K, used 15169K [0x0000000084200000, 0x0000000100000000)
  region size 1024K, 13 young (13312K), 2 survivors (2048K)
 Metaspace       used 12064K, capacity 12304K, committed 12544K, reserved 1060864K
  class space    used 1191K, capacity 1271K, committed 1280K, reserved 1048576K
}
Event: 1.004 GC heap after
{Heap after GC invocations=2 (full 0):
 garbage-first heap   total 126976K, used 5303K [0x0000000084200000, 0x0000000100000000)
  region size 1024K, 2 young (2048K), 2 survivors (2048K)
 Metaspace       used 12064K, capacity 12304K, committed 12544K, reserved 1060864K
  class space    used 1191K, capacity 1271K, committed 1280K, reserved 1048576K
}
Event: 39.412 GC heap before
{Heap before GC invocations=2 (full 0):
 garbage-first heap   total 126976K, used 31927K [0x0000000084200000, 0x0000000100000000)
  region size 1024K, 28 young (28672K), 2 survivors (2048K)
 Metaspace       used 18842K, capacity 19469K, committed 19584K, reserved 1067008K
  class space    used 1936K, capacity 2149K, committed 2176K, reserved 1048576K
}
Event: 39.483 GC heap after
{Heap after GC invocations=3 (full 0):
 garbage-first heap   total 126976K, used 9517K [0x0000000084200000, 0x0000000100000000)
  region size 1024K, 4 young (4096K), 4 survivors (4096K)
 Metaspace       used 18842K, capacity 19469K, committed 19584K, reserved 1067008K
  class space    used 1936K, capacity 2149K, committed 2176K, reserved 1048576K
}
Event: 188.401 GC heap before
{Heap before GC invocations=3 (full 0):
 garbage-first heap   total 126976K, used 31021K [0x0000000084200000, 0x0000000100000000)
  region size 1024K, 26 young (26624K), 4 survivors (4096K)
 Metaspace       used 19539K, capacity 20211K, committed 20480K, reserved 1067008K
  class space    used 1981K, capacity 2193K, committed 2304K, reserved 1048576K
}
Event: 188.412 GC heap after
{Heap after GC invocations=4 (full 0):
 garbage-first heap   total 126976K, used 10178K [0x0000000084200000, 0x0000000100000000)
  region size 1024K, 1 young (1024K), 1 survivors (1024K)
 Metaspace       used 19539K, capacity 20211K, committed 20480K, reserved 1067008K
  class space    used 1981K, capacity 2193K, committed 2304K, reserved 1048576K
}
Event: 714.759 GC heap before
{Heap before GC invocations=4 (full 0):
 garbage-first heap   total 126976K, used 54210K [0x0000000084200000, 0x0000000100000000)
  region size 1024K, 44 young (45056K), 1 survivors (1024K)
 Metaspace       used 19795K, capacity 20504K, committed 20736K, reserved 1067008K
  class space    used 1983K, capacity 2196K, committed 2304K, reserved 1048576K
}
Event: 714.778 GC heap after
{Heap after GC invocations=5 (full 0):
 garbage-first heap   total 126976K, used 11248K [0x0000000084200000, 0x0000000100000000)
  region size 1024K, 1 young (1024K), 1 survivors (1024K)
 Metaspace       used 19795K, capacity 20504K, committed 20736K, reserved 1067008K
  class space    used 1983K, capacity 2196K, committed 2304K, reserved 1048576K
}
Event: 720.875 GC heap before
{Heap before GC invocations=5 (full 0):
 garbage-first heap   total 126976K, used 69616K [0x0000000084200000, 0x0000000100000000)
  region size 1024K, 58 young (59392K), 1 survivors (1024K)
 Metaspace       used 20439K, capacity 21124K, committed 21248K, reserved 1069056K
  class space    used 2033K, capacity 2284K, committed 2304K, reserved 1048576K
}
Event: 720.883 GC heap after
{Heap after GC invocations=6 (full 0):
 garbage-first heap   total 126976K, used 18428K [0x0000000084200000, 0x0000000100000000)
  region size 1024K, 6 young (6144K), 6 survivors (6144K)
 Metaspace       used 20439K, capacity 21124K, committed 21248K, reserved 1069056K
  class space    used 2033K, capacity 2284K, committed 2304K, reserved 1048576K
}

